[INFO  - 2017-02-18T01:44:59.386Z] GhostDriver - Main - running on port 20041
[INFO  - 2017-02-18T01:45:00.077Z] Session [dbe9e460-f57b-11e6-9776-81fb7910af33] - page.settings - {"XSSAuditingEnabled":false,"javascriptCanCloseWindows":true,"javascriptCanOpenWindows":true,"javascriptEnabled":true,"loadImages":true,"localToRemoteUrlAccessEnabled":false,"userAgent":"Mozilla/5.0 (Windows NT 6.2; WOW64) AppleWebKit/538.1 (KHTML, like Gecko) PhantomJS/2.0.0 Safari/538.1","webSecurityEnabled":true}
[INFO  - 2017-02-18T01:45:00.077Z] Session [dbe9e460-f57b-11e6-9776-81fb7910af33] - page.customHeaders:  - {}
[INFO  - 2017-02-18T01:45:00.077Z] Session [dbe9e460-f57b-11e6-9776-81fb7910af33] - Session.negotiatedCapabilities - {"browserName":"phantomjs","version":"2.0.0","driverName":"ghostdriver","driverVersion":"1.2.0","platform":"windows-8-32bit","javascriptEnabled":true,"takesScreenshot":true,"handlesAlerts":false,"databaseEnabled":false,"locationContextEnabled":false,"applicationCacheEnabled":false,"browserConnectionEnabled":false,"cssSelectorsEnabled":true,"webStorageEnabled":false,"rotatable":false,"acceptSslCerts":false,"nativeEvents":true,"proxy":{"proxyType":"direct"}}
[INFO  - 2017-02-18T01:45:00.078Z] SessionManagerReqHand - _postNewSessionCommand - New Session Created: dbe9e460-f57b-11e6-9776-81fb7910af33
[INFO  - 2017-02-18T01:45:00.550Z] ShutdownReqHand - _handle - About to shutdown
[INFO  - 2017-02-18T01:49:22.320Z] GhostDriver - Main - running on port 22330
[INFO  - 2017-02-18T01:49:22.888Z] Session [788fd220-f57c-11e6-8b7d-2f312553c1d9] - page.settings - {"XSSAuditingEnabled":false,"javascriptCanCloseWindows":true,"javascriptCanOpenWindows":true,"javascriptEnabled":true,"loadImages":true,"localToRemoteUrlAccessEnabled":false,"userAgent":"Mozilla/5.0 (Windows NT 6.2; WOW64) AppleWebKit/538.1 (KHTML, like Gecko) PhantomJS/2.0.0 Safari/538.1","webSecurityEnabled":true}
[INFO  - 2017-02-18T01:49:22.888Z] Session [788fd220-f57c-11e6-8b7d-2f312553c1d9] - page.customHeaders:  - {}
[INFO  - 2017-02-18T01:49:22.889Z] Session [788fd220-f57c-11e6-8b7d-2f312553c1d9] - Session.negotiatedCapabilities - {"browserName":"phantomjs","version":"2.0.0","driverName":"ghostdriver","driverVersion":"1.2.0","platform":"windows-8-32bit","javascriptEnabled":true,"takesScreenshot":true,"handlesAlerts":false,"databaseEnabled":false,"locationContextEnabled":false,"applicationCacheEnabled":false,"browserConnectionEnabled":false,"cssSelectorsEnabled":true,"webStorageEnabled":false,"rotatable":false,"acceptSslCerts":false,"nativeEvents":true,"proxy":{"proxyType":"direct"}}
[INFO  - 2017-02-18T01:49:22.889Z] SessionManagerReqHand - _postNewSessionCommand - New Session Created: 788fd220-f57c-11e6-8b7d-2f312553c1d9
[INFO  - 2017-02-18T01:49:23.354Z] ShutdownReqHand - _handle - About to shutdown
[INFO  - 2017-02-18T01:49:45.440Z] GhostDriver - Main - running on port 41345
[INFO  - 2017-02-18T01:49:45.998Z] Session [86558440-f57c-11e6-9472-6138e06cecff] - page.settings - {"XSSAuditingEnabled":false,"javascriptCanCloseWindows":true,"javascriptCanOpenWindows":true,"javascriptEnabled":true,"loadImages":true,"localToRemoteUrlAccessEnabled":false,"userAgent":"Mozilla/5.0 (Windows NT 6.2; WOW64) AppleWebKit/538.1 (KHTML, like Gecko) PhantomJS/2.0.0 Safari/538.1","webSecurityEnabled":true}
[INFO  - 2017-02-18T01:49:45.998Z] Session [86558440-f57c-11e6-9472-6138e06cecff] - page.customHeaders:  - {}
[INFO  - 2017-02-18T01:49:45.998Z] Session [86558440-f57c-11e6-9472-6138e06cecff] - Session.negotiatedCapabilities - {"browserName":"phantomjs","version":"2.0.0","driverName":"ghostdriver","driverVersion":"1.2.0","platform":"windows-8-32bit","javascriptEnabled":true,"takesScreenshot":true,"handlesAlerts":false,"databaseEnabled":false,"locationContextEnabled":false,"applicationCacheEnabled":false,"browserConnectionEnabled":false,"cssSelectorsEnabled":true,"webStorageEnabled":false,"rotatable":false,"acceptSslCerts":false,"nativeEvents":true,"proxy":{"proxyType":"direct"}}
[INFO  - 2017-02-18T01:49:45.998Z] SessionManagerReqHand - _postNewSessionCommand - New Session Created: 86558440-f57c-11e6-9472-6138e06cecff
[INFO  - 2017-02-18T01:49:46.534Z] ShutdownReqHand - _handle - About to shutdown
[INFO  - 2017-02-18T01:56:02.072Z] GhostDriver - Main - running on port 11739
[INFO  - 2017-02-18T01:56:02.618Z] Session [66d1c740-f57d-11e6-a81d-99a5e344a284] - page.settings - {"XSSAuditingEnabled":false,"javascriptCanCloseWindows":true,"javascriptCanOpenWindows":true,"javascriptEnabled":true,"loadImages":true,"localToRemoteUrlAccessEnabled":false,"userAgent":"Mozilla/5.0 (Windows NT 6.2; WOW64) AppleWebKit/538.1 (KHTML, like Gecko) PhantomJS/2.0.0 Safari/538.1","webSecurityEnabled":true}
[INFO  - 2017-02-18T01:56:02.618Z] Session [66d1c740-f57d-11e6-a81d-99a5e344a284] - page.customHeaders:  - {}
[INFO  - 2017-02-18T01:56:02.618Z] Session [66d1c740-f57d-11e6-a81d-99a5e344a284] - Session.negotiatedCapabilities - {"browserName":"phantomjs","version":"2.0.0","driverName":"ghostdriver","driverVersion":"1.2.0","platform":"windows-8-32bit","javascriptEnabled":true,"takesScreenshot":true,"handlesAlerts":false,"databaseEnabled":false,"locationContextEnabled":false,"applicationCacheEnabled":false,"browserConnectionEnabled":false,"cssSelectorsEnabled":true,"webStorageEnabled":false,"rotatable":false,"acceptSslCerts":false,"nativeEvents":true,"proxy":{"proxyType":"direct"}}
[INFO  - 2017-02-18T01:56:02.618Z] SessionManagerReqHand - _postNewSessionCommand - New Session Created: 66d1c740-f57d-11e6-a81d-99a5e344a284
[INFO  - 2017-02-18T01:56:03.063Z] ShutdownReqHand - _handle - About to shutdown
[INFO  - 2017-02-18T01:56:51.086Z] GhostDriver - Main - running on port 10733
[INFO  - 2017-02-18T01:56:51.624Z] Session [84078020-f57d-11e6-a43a-958e733690d6] - page.settings - {"XSSAuditingEnabled":false,"javascriptCanCloseWindows":true,"javascriptCanOpenWindows":true,"javascriptEnabled":true,"loadImages":true,"localToRemoteUrlAccessEnabled":false,"userAgent":"Mozilla/5.0 (Windows NT 6.2; WOW64) AppleWebKit/538.1 (KHTML, like Gecko) PhantomJS/2.0.0 Safari/538.1","webSecurityEnabled":true}
[INFO  - 2017-02-18T01:56:51.624Z] Session [84078020-f57d-11e6-a43a-958e733690d6] - page.customHeaders:  - {}
[INFO  - 2017-02-18T01:56:51.624Z] Session [84078020-f57d-11e6-a43a-958e733690d6] - Session.negotiatedCapabilities - {"browserName":"phantomjs","version":"2.0.0","driverName":"ghostdriver","driverVersion":"1.2.0","platform":"windows-8-32bit","javascriptEnabled":true,"takesScreenshot":true,"handlesAlerts":false,"databaseEnabled":false,"locationContextEnabled":false,"applicationCacheEnabled":false,"browserConnectionEnabled":false,"cssSelectorsEnabled":true,"webStorageEnabled":false,"rotatable":false,"acceptSslCerts":false,"nativeEvents":true,"proxy":{"proxyType":"direct"}}
[INFO  - 2017-02-18T01:56:51.625Z] SessionManagerReqHand - _postNewSessionCommand - New Session Created: 84078020-f57d-11e6-a43a-958e733690d6
[INFO  - 2017-02-18T01:56:52.055Z] ShutdownReqHand - _handle - About to shutdown
[INFO  - 2017-02-18T01:57:10.820Z] GhostDriver - Main - running on port 1784
[INFO  - 2017-02-18T01:57:11.395Z] Session [8fd050d0-f57d-11e6-b29b-6de8bb48ee95] - page.settings - {"XSSAuditingEnabled":false,"javascriptCanCloseWindows":true,"javascriptCanOpenWindows":true,"javascriptEnabled":true,"loadImages":true,"localToRemoteUrlAccessEnabled":false,"userAgent":"Mozilla/5.0 (Windows NT 6.2; WOW64) AppleWebKit/538.1 (KHTML, like Gecko) PhantomJS/2.0.0 Safari/538.1","webSecurityEnabled":true}
[INFO  - 2017-02-18T01:57:11.396Z] Session [8fd050d0-f57d-11e6-b29b-6de8bb48ee95] - page.customHeaders:  - {}
[INFO  - 2017-02-18T01:57:11.396Z] Session [8fd050d0-f57d-11e6-b29b-6de8bb48ee95] - Session.negotiatedCapabilities - {"browserName":"phantomjs","version":"2.0.0","driverName":"ghostdriver","driverVersion":"1.2.0","platform":"windows-8-32bit","javascriptEnabled":true,"takesScreenshot":true,"handlesAlerts":false,"databaseEnabled":false,"locationContextEnabled":false,"applicationCacheEnabled":false,"browserConnectionEnabled":false,"cssSelectorsEnabled":true,"webStorageEnabled":false,"rotatable":false,"acceptSslCerts":false,"nativeEvents":true,"proxy":{"proxyType":"direct"}}
[INFO  - 2017-02-18T01:57:11.396Z] SessionManagerReqHand - _postNewSessionCommand - New Session Created: 8fd050d0-f57d-11e6-b29b-6de8bb48ee95
[INFO  - 2017-02-18T01:57:11.860Z] ShutdownReqHand - _handle - About to shutdown
[INFO  - 2017-02-18T01:58:17.717Z] GhostDriver - Main - running on port 27073
[INFO  - 2017-02-18T01:58:18.271Z] Session [b7aca180-f57d-11e6-a313-57a286c6b982] - page.settings - {"XSSAuditingEnabled":false,"javascriptCanCloseWindows":true,"javascriptCanOpenWindows":true,"javascriptEnabled":true,"loadImages":true,"localToRemoteUrlAccessEnabled":false,"userAgent":"Mozilla/5.0 (Windows NT 6.2; WOW64) AppleWebKit/538.1 (KHTML, like Gecko) PhantomJS/2.0.0 Safari/538.1","webSecurityEnabled":true}
[INFO  - 2017-02-18T01:58:18.271Z] Session [b7aca180-f57d-11e6-a313-57a286c6b982] - page.customHeaders:  - {}
[INFO  - 2017-02-18T01:58:18.272Z] Session [b7aca180-f57d-11e6-a313-57a286c6b982] - Session.negotiatedCapabilities - {"browserName":"phantomjs","version":"2.0.0","driverName":"ghostdriver","driverVersion":"1.2.0","platform":"windows-8-32bit","javascriptEnabled":true,"takesScreenshot":true,"handlesAlerts":false,"databaseEnabled":false,"locationContextEnabled":false,"applicationCacheEnabled":false,"browserConnectionEnabled":false,"cssSelectorsEnabled":true,"webStorageEnabled":false,"rotatable":false,"acceptSslCerts":false,"nativeEvents":true,"proxy":{"proxyType":"direct"}}
[INFO  - 2017-02-18T01:58:18.272Z] SessionManagerReqHand - _postNewSessionCommand - New Session Created: b7aca180-f57d-11e6-a313-57a286c6b982
[INFO  - 2017-02-18T01:58:18.726Z] ShutdownReqHand - _handle - About to shutdown
[INFO  - 2017-02-18T01:58:50.034Z] GhostDriver - Main - running on port 47328
[INFO  - 2017-02-18T01:58:50.601Z] Session [caf1f330-f57d-11e6-aae3-9f00c697a8d6] - page.settings - {"XSSAuditingEnabled":false,"javascriptCanCloseWindows":true,"javascriptCanOpenWindows":true,"javascriptEnabled":true,"loadImages":true,"localToRemoteUrlAccessEnabled":false,"userAgent":"Mozilla/5.0 (Windows NT 6.2; WOW64) AppleWebKit/538.1 (KHTML, like Gecko) PhantomJS/2.0.0 Safari/538.1","webSecurityEnabled":true}
[INFO  - 2017-02-18T01:58:50.601Z] Session [caf1f330-f57d-11e6-aae3-9f00c697a8d6] - page.customHeaders:  - {}
[INFO  - 2017-02-18T01:58:50.601Z] Session [caf1f330-f57d-11e6-aae3-9f00c697a8d6] - Session.negotiatedCapabilities - {"browserName":"phantomjs","version":"2.0.0","driverName":"ghostdriver","driverVersion":"1.2.0","platform":"windows-8-32bit","javascriptEnabled":true,"takesScreenshot":true,"handlesAlerts":false,"databaseEnabled":false,"locationContextEnabled":false,"applicationCacheEnabled":false,"browserConnectionEnabled":false,"cssSelectorsEnabled":true,"webStorageEnabled":false,"rotatable":false,"acceptSslCerts":false,"nativeEvents":true,"proxy":{"proxyType":"direct"}}
[INFO  - 2017-02-18T01:58:50.602Z] SessionManagerReqHand - _postNewSessionCommand - New Session Created: caf1f330-f57d-11e6-aae3-9f00c697a8d6
[INFO  - 2017-02-18T01:58:51.125Z] ShutdownReqHand - _handle - About to shutdown
[INFO  - 2017-02-18T02:01:04.426Z] GhostDriver - Main - running on port 18277
[INFO  - 2017-02-18T02:01:04.907Z] Session [1aff1d30-f57e-11e6-9e2a-455f5ccd4b29] - page.settings - {"XSSAuditingEnabled":false,"javascriptCanCloseWindows":true,"javascriptCanOpenWindows":true,"javascriptEnabled":true,"loadImages":true,"localToRemoteUrlAccessEnabled":false,"userAgent":"Mozilla/5.0 (Windows NT 6.2; WOW64) AppleWebKit/538.1 (KHTML, like Gecko) PhantomJS/2.0.0 Safari/538.1","webSecurityEnabled":true}
[INFO  - 2017-02-18T02:01:04.908Z] Session [1aff1d30-f57e-11e6-9e2a-455f5ccd4b29] - page.customHeaders:  - {}
[INFO  - 2017-02-18T02:01:04.908Z] Session [1aff1d30-f57e-11e6-9e2a-455f5ccd4b29] - Session.negotiatedCapabilities - {"browserName":"phantomjs","version":"2.0.0","driverName":"ghostdriver","driverVersion":"1.2.0","platform":"windows-8-32bit","javascriptEnabled":true,"takesScreenshot":true,"handlesAlerts":false,"databaseEnabled":false,"locationContextEnabled":false,"applicationCacheEnabled":false,"browserConnectionEnabled":false,"cssSelectorsEnabled":true,"webStorageEnabled":false,"rotatable":false,"acceptSslCerts":false,"nativeEvents":true,"proxy":{"proxyType":"direct"}}
[INFO  - 2017-02-18T02:01:04.908Z] SessionManagerReqHand - _postNewSessionCommand - New Session Created: 1aff1d30-f57e-11e6-9e2a-455f5ccd4b29
[INFO  - 2017-02-18T02:01:05.354Z] ShutdownReqHand - _handle - About to shutdown
[INFO  - 2017-02-18T02:05:28.896Z] GhostDriver - Main - running on port 30160
[INFO  - 2017-02-18T02:05:29.411Z] Session [b8a6ea90-f57e-11e6-8c6d-09e3dfc970cb] - page.settings - {"XSSAuditingEnabled":false,"javascriptCanCloseWindows":true,"javascriptCanOpenWindows":true,"javascriptEnabled":true,"loadImages":true,"localToRemoteUrlAccessEnabled":false,"userAgent":"Mozilla/5.0 (Windows NT 6.2; WOW64) AppleWebKit/538.1 (KHTML, like Gecko) PhantomJS/2.0.0 Safari/538.1","webSecurityEnabled":true}
[INFO  - 2017-02-18T02:05:29.412Z] Session [b8a6ea90-f57e-11e6-8c6d-09e3dfc970cb] - page.customHeaders:  - {}
[INFO  - 2017-02-18T02:05:29.412Z] Session [b8a6ea90-f57e-11e6-8c6d-09e3dfc970cb] - Session.negotiatedCapabilities - {"browserName":"phantomjs","version":"2.0.0","driverName":"ghostdriver","driverVersion":"1.2.0","platform":"windows-8-32bit","javascriptEnabled":true,"takesScreenshot":true,"handlesAlerts":false,"databaseEnabled":false,"locationContextEnabled":false,"applicationCacheEnabled":false,"browserConnectionEnabled":false,"cssSelectorsEnabled":true,"webStorageEnabled":false,"rotatable":false,"acceptSslCerts":false,"nativeEvents":true,"proxy":{"proxyType":"direct"}}
[INFO  - 2017-02-18T02:05:29.412Z] SessionManagerReqHand - _postNewSessionCommand - New Session Created: b8a6ea90-f57e-11e6-8c6d-09e3dfc970cb
[ERROR - 2017-02-18T02:05:29.749Z] Session [b8a6ea90-f57e-11e6-8c6d-09e3dfc970cb] - page.onError - msg: ReferenceError: Can't find variable: mathPracticeApp
[ERROR - 2017-02-18T02:05:29.749Z] Session [b8a6ea90-f57e-11e6-8c6d-09e3dfc970cb] - page.onError - stack:
  global code (http://localhost:55156/src/Controllers/mppProblemController.js:1)
[ERROR - 2017-02-18T02:05:29.750Z] Session [b8a6ea90-f57e-11e6-8c6d-09e3dfc970cb] - page.onError - msg: ReferenceError: Can't find variable: mathPracticeApp
[ERROR - 2017-02-18T02:05:29.750Z] Session [b8a6ea90-f57e-11e6-8c6d-09e3dfc970cb] - page.onError - stack:
  global code (http://localhost:55156/src/Controllers/polynomialController.js:1)
[ERROR - 2017-02-18T02:05:29.753Z] Session [b8a6ea90-f57e-11e6-8c6d-09e3dfc970cb] - page.onError - msg: ReferenceError: Can't find variable: mathPracticeApp
[ERROR - 2017-02-18T02:05:29.753Z] Session [b8a6ea90-f57e-11e6-8c6d-09e3dfc970cb] - page.onError - stack:
  global code (http://localhost:55156/src/Directives/mppProblemDirective.js:1)
[ERROR - 2017-02-18T02:05:29.754Z] Session [b8a6ea90-f57e-11e6-8c6d-09e3dfc970cb] - page.onError - msg: ReferenceError: Can't find variable: angular
[ERROR - 2017-02-18T02:05:29.754Z] Session [b8a6ea90-f57e-11e6-8c6d-09e3dfc970cb] - page.onError - stack:
  global code (http://localhost:55156/src/app.js:1)
[ERROR - 2017-02-18T02:05:29.767Z] Session [b8a6ea90-f57e-11e6-8c6d-09e3dfc970cb] - page.onError - msg: TypeError: undefined is not an object (evaluating 'g.$$minErr')
[ERROR - 2017-02-18T02:05:29.767Z] Session [b8a6ea90-f57e-11e6-8c6d-09e3dfc970cb] - page.onError - stack:
  (anonymous function) (http://localhost:55156/src/lib/angular-sanitize.min.js:6)
[INFO  - 2017-02-18T02:05:30.087Z] ShutdownReqHand - _handle - About to shutdown
[INFO  - 2017-02-18T02:08:34.296Z] GhostDriver - Main - running on port 2492
[INFO  - 2017-02-18T02:08:34.867Z] Session [2731ddd0-f57f-11e6-9c30-8bc8c9b5370e] - page.settings - {"XSSAuditingEnabled":false,"javascriptCanCloseWindows":true,"javascriptCanOpenWindows":true,"javascriptEnabled":true,"loadImages":true,"localToRemoteUrlAccessEnabled":false,"userAgent":"Mozilla/5.0 (Windows NT 6.2; WOW64) AppleWebKit/538.1 (KHTML, like Gecko) PhantomJS/2.0.0 Safari/538.1","webSecurityEnabled":true}
[INFO  - 2017-02-18T02:08:34.868Z] Session [2731ddd0-f57f-11e6-9c30-8bc8c9b5370e] - page.customHeaders:  - {}
[INFO  - 2017-02-18T02:08:34.868Z] Session [2731ddd0-f57f-11e6-9c30-8bc8c9b5370e] - Session.negotiatedCapabilities - {"browserName":"phantomjs","version":"2.0.0","driverName":"ghostdriver","driverVersion":"1.2.0","platform":"windows-8-32bit","javascriptEnabled":true,"takesScreenshot":true,"handlesAlerts":false,"databaseEnabled":false,"locationContextEnabled":false,"applicationCacheEnabled":false,"browserConnectionEnabled":false,"cssSelectorsEnabled":true,"webStorageEnabled":false,"rotatable":false,"acceptSslCerts":false,"nativeEvents":true,"proxy":{"proxyType":"direct"}}
[INFO  - 2017-02-18T02:08:34.868Z] SessionManagerReqHand - _postNewSessionCommand - New Session Created: 2731ddd0-f57f-11e6-9c30-8bc8c9b5370e
[ERROR - 2017-02-18T02:08:35.228Z] Session [2731ddd0-f57f-11e6-9c30-8bc8c9b5370e] - page.onError - msg: ReferenceError: Can't find variable: mathPracticeApp
[ERROR - 2017-02-18T02:08:35.228Z] Session [2731ddd0-f57f-11e6-9c30-8bc8c9b5370e] - page.onError - stack:
  global code (http://localhost:55223/src/Controllers/mppProblemController.js:1)
[ERROR - 2017-02-18T02:08:35.229Z] Session [2731ddd0-f57f-11e6-9c30-8bc8c9b5370e] - page.onError - msg: ReferenceError: Can't find variable: mathPracticeApp
[ERROR - 2017-02-18T02:08:35.229Z] Session [2731ddd0-f57f-11e6-9c30-8bc8c9b5370e] - page.onError - stack:
  global code (http://localhost:55223/src/Controllers/polynomialController.js:1)
[ERROR - 2017-02-18T02:08:35.230Z] Session [2731ddd0-f57f-11e6-9c30-8bc8c9b5370e] - page.onError - msg: ReferenceError: Can't find variable: mathPracticeApp
[ERROR - 2017-02-18T02:08:35.230Z] Session [2731ddd0-f57f-11e6-9c30-8bc8c9b5370e] - page.onError - stack:
  global code (http://localhost:55223/src/Directives/mppProblemDirective.js:1)
[INFO  - 2017-02-18T02:08:35.457Z] ShutdownReqHand - _handle - About to shutdown
[INFO  - 2017-02-18T02:09:41.368Z] GhostDriver - Main - running on port 29317
[INFO  - 2017-02-18T02:09:41.920Z] Session [4f2957a0-f57f-11e6-bbc4-4fe030b9e69d] - page.settings - {"XSSAuditingEnabled":false,"javascriptCanCloseWindows":true,"javascriptCanOpenWindows":true,"javascriptEnabled":true,"loadImages":true,"localToRemoteUrlAccessEnabled":false,"userAgent":"Mozilla/5.0 (Windows NT 6.2; WOW64) AppleWebKit/538.1 (KHTML, like Gecko) PhantomJS/2.0.0 Safari/538.1","webSecurityEnabled":true}
[INFO  - 2017-02-18T02:09:41.920Z] Session [4f2957a0-f57f-11e6-bbc4-4fe030b9e69d] - page.customHeaders:  - {}
[INFO  - 2017-02-18T02:09:41.921Z] Session [4f2957a0-f57f-11e6-bbc4-4fe030b9e69d] - Session.negotiatedCapabilities - {"browserName":"phantomjs","version":"2.0.0","driverName":"ghostdriver","driverVersion":"1.2.0","platform":"windows-8-32bit","javascriptEnabled":true,"takesScreenshot":true,"handlesAlerts":false,"databaseEnabled":false,"locationContextEnabled":false,"applicationCacheEnabled":false,"browserConnectionEnabled":false,"cssSelectorsEnabled":true,"webStorageEnabled":false,"rotatable":false,"acceptSslCerts":false,"nativeEvents":true,"proxy":{"proxyType":"direct"}}
[INFO  - 2017-02-18T02:09:41.921Z] SessionManagerReqHand - _postNewSessionCommand - New Session Created: 4f2957a0-f57f-11e6-bbc4-4fe030b9e69d
[ERROR - 2017-02-18T02:09:42.264Z] Session [4f2957a0-f57f-11e6-bbc4-4fe030b9e69d] - page.onError - msg: ReferenceError: Can't find variable: mathPracticeApp
[ERROR - 2017-02-18T02:09:42.265Z] Session [4f2957a0-f57f-11e6-bbc4-4fe030b9e69d] - page.onError - stack:
  global code (http://localhost:55240/src/Controllers/mppProblemController.js:1)
[ERROR - 2017-02-18T02:09:42.265Z] Session [4f2957a0-f57f-11e6-bbc4-4fe030b9e69d] - page.onError - msg: ReferenceError: Can't find variable: mathPracticeApp
[ERROR - 2017-02-18T02:09:42.266Z] Session [4f2957a0-f57f-11e6-bbc4-4fe030b9e69d] - page.onError - stack:
  global code (http://localhost:55240/src/Controllers/polynomialController.js:1)
[ERROR - 2017-02-18T02:09:42.266Z] Session [4f2957a0-f57f-11e6-bbc4-4fe030b9e69d] - page.onError - msg: ReferenceError: Can't find variable: mathPracticeApp
[ERROR - 2017-02-18T02:09:42.267Z] Session [4f2957a0-f57f-11e6-bbc4-4fe030b9e69d] - page.onError - stack:
  global code (http://localhost:55240/src/Directives/mppProblemDirective.js:1)
[INFO  - 2017-02-18T02:09:42.471Z] ShutdownReqHand - _handle - About to shutdown
[INFO  - 2017-02-18T02:10:23.617Z] GhostDriver - Main - running on port 27884
[INFO  - 2017-02-18T02:10:24.213Z] Session [685ebdf0-f57f-11e6-b850-5732e7f7fbfe] - page.settings - {"XSSAuditingEnabled":false,"javascriptCanCloseWindows":true,"javascriptCanOpenWindows":true,"javascriptEnabled":true,"loadImages":true,"localToRemoteUrlAccessEnabled":false,"userAgent":"Mozilla/5.0 (Windows NT 6.2; WOW64) AppleWebKit/538.1 (KHTML, like Gecko) PhantomJS/2.0.0 Safari/538.1","webSecurityEnabled":true}
[INFO  - 2017-02-18T02:10:24.213Z] Session [685ebdf0-f57f-11e6-b850-5732e7f7fbfe] - page.customHeaders:  - {}
[INFO  - 2017-02-18T02:10:24.213Z] Session [685ebdf0-f57f-11e6-b850-5732e7f7fbfe] - Session.negotiatedCapabilities - {"browserName":"phantomjs","version":"2.0.0","driverName":"ghostdriver","driverVersion":"1.2.0","platform":"windows-8-32bit","javascriptEnabled":true,"takesScreenshot":true,"handlesAlerts":false,"databaseEnabled":false,"locationContextEnabled":false,"applicationCacheEnabled":false,"browserConnectionEnabled":false,"cssSelectorsEnabled":true,"webStorageEnabled":false,"rotatable":false,"acceptSslCerts":false,"nativeEvents":true,"proxy":{"proxyType":"direct"}}
[INFO  - 2017-02-18T02:10:24.213Z] SessionManagerReqHand - _postNewSessionCommand - New Session Created: 685ebdf0-f57f-11e6-b850-5732e7f7fbfe
[INFO  - 2017-02-18T02:10:24.854Z] ShutdownReqHand - _handle - About to shutdown
[INFO  - 2017-02-18T02:11:41.678Z] GhostDriver - Main - running on port 36516
[INFO  - 2017-02-18T02:11:42.157Z] Session [96d40d70-f57f-11e6-b82c-a1a72759f665] - page.settings - {"XSSAuditingEnabled":false,"javascriptCanCloseWindows":true,"javascriptCanOpenWindows":true,"javascriptEnabled":true,"loadImages":true,"localToRemoteUrlAccessEnabled":false,"userAgent":"Mozilla/5.0 (Windows NT 6.2; WOW64) AppleWebKit/538.1 (KHTML, like Gecko) PhantomJS/2.0.0 Safari/538.1","webSecurityEnabled":true}
[INFO  - 2017-02-18T02:11:42.157Z] Session [96d40d70-f57f-11e6-b82c-a1a72759f665] - page.customHeaders:  - {}
[INFO  - 2017-02-18T02:11:42.158Z] Session [96d40d70-f57f-11e6-b82c-a1a72759f665] - Session.negotiatedCapabilities - {"browserName":"phantomjs","version":"2.0.0","driverName":"ghostdriver","driverVersion":"1.2.0","platform":"windows-8-32bit","javascriptEnabled":true,"takesScreenshot":true,"handlesAlerts":false,"databaseEnabled":false,"locationContextEnabled":false,"applicationCacheEnabled":false,"browserConnectionEnabled":false,"cssSelectorsEnabled":true,"webStorageEnabled":false,"rotatable":false,"acceptSslCerts":false,"nativeEvents":true,"proxy":{"proxyType":"direct"}}
[INFO  - 2017-02-18T02:11:42.158Z] SessionManagerReqHand - _postNewSessionCommand - New Session Created: 96d40d70-f57f-11e6-b82c-a1a72759f665
[INFO  - 2017-02-18T02:11:42.616Z] ShutdownReqHand - _handle - About to shutdown
[INFO  - 2017-02-18T02:13:36.187Z] GhostDriver - Main - running on port 5454
[INFO  - 2017-02-18T02:13:36.732Z] Session [db1e5a30-f57f-11e6-af42-bd64343a59f6] - page.settings - {"XSSAuditingEnabled":false,"javascriptCanCloseWindows":true,"javascriptCanOpenWindows":true,"javascriptEnabled":true,"loadImages":true,"localToRemoteUrlAccessEnabled":false,"userAgent":"Mozilla/5.0 (Windows NT 6.2; WOW64) AppleWebKit/538.1 (KHTML, like Gecko) PhantomJS/2.0.0 Safari/538.1","webSecurityEnabled":true}
[INFO  - 2017-02-18T02:13:36.732Z] Session [db1e5a30-f57f-11e6-af42-bd64343a59f6] - page.customHeaders:  - {}
[INFO  - 2017-02-18T02:13:36.732Z] Session [db1e5a30-f57f-11e6-af42-bd64343a59f6] - Session.negotiatedCapabilities - {"browserName":"phantomjs","version":"2.0.0","driverName":"ghostdriver","driverVersion":"1.2.0","platform":"windows-8-32bit","javascriptEnabled":true,"takesScreenshot":true,"handlesAlerts":false,"databaseEnabled":false,"locationContextEnabled":false,"applicationCacheEnabled":false,"browserConnectionEnabled":false,"cssSelectorsEnabled":true,"webStorageEnabled":false,"rotatable":false,"acceptSslCerts":false,"nativeEvents":true,"proxy":{"proxyType":"direct"}}
[INFO  - 2017-02-18T02:13:36.732Z] SessionManagerReqHand - _postNewSessionCommand - New Session Created: db1e5a30-f57f-11e6-af42-bd64343a59f6
[INFO  - 2017-02-18T02:13:37.284Z] ShutdownReqHand - _handle - About to shutdown
[INFO  - 2017-02-18T02:14:12.005Z] GhostDriver - Main - running on port 5148
[INFO  - 2017-02-18T02:14:12.537Z] Session [f0761120-f57f-11e6-bef2-5b0b9d176c52] - page.settings - {"XSSAuditingEnabled":false,"javascriptCanCloseWindows":true,"javascriptCanOpenWindows":true,"javascriptEnabled":true,"loadImages":true,"localToRemoteUrlAccessEnabled":false,"userAgent":"Mozilla/5.0 (Windows NT 6.2; WOW64) AppleWebKit/538.1 (KHTML, like Gecko) PhantomJS/2.0.0 Safari/538.1","webSecurityEnabled":true}
[INFO  - 2017-02-18T02:14:12.538Z] Session [f0761120-f57f-11e6-bef2-5b0b9d176c52] - page.customHeaders:  - {}
[INFO  - 2017-02-18T02:14:12.538Z] Session [f0761120-f57f-11e6-bef2-5b0b9d176c52] - Session.negotiatedCapabilities - {"browserName":"phantomjs","version":"2.0.0","driverName":"ghostdriver","driverVersion":"1.2.0","platform":"windows-8-32bit","javascriptEnabled":true,"takesScreenshot":true,"handlesAlerts":false,"databaseEnabled":false,"locationContextEnabled":false,"applicationCacheEnabled":false,"browserConnectionEnabled":false,"cssSelectorsEnabled":true,"webStorageEnabled":false,"rotatable":false,"acceptSslCerts":false,"nativeEvents":true,"proxy":{"proxyType":"direct"}}
[INFO  - 2017-02-18T02:14:12.538Z] SessionManagerReqHand - _postNewSessionCommand - New Session Created: f0761120-f57f-11e6-bef2-5b0b9d176c52
[INFO  - 2017-02-18T02:14:13.094Z] ShutdownReqHand - _handle - About to shutdown
[INFO  - 2017-02-18T02:15:03.051Z] GhostDriver - Main - running on port 28329
[INFO  - 2017-02-18T02:15:03.615Z] Session [0ee81a90-f580-11e6-8bce-c77cb5e76c85] - page.settings - {"XSSAuditingEnabled":false,"javascriptCanCloseWindows":true,"javascriptCanOpenWindows":true,"javascriptEnabled":true,"loadImages":true,"localToRemoteUrlAccessEnabled":false,"userAgent":"Mozilla/5.0 (Windows NT 6.2; WOW64) AppleWebKit/538.1 (KHTML, like Gecko) PhantomJS/2.0.0 Safari/538.1","webSecurityEnabled":true}
[INFO  - 2017-02-18T02:15:03.615Z] Session [0ee81a90-f580-11e6-8bce-c77cb5e76c85] - page.customHeaders:  - {}
[INFO  - 2017-02-18T02:15:03.616Z] Session [0ee81a90-f580-11e6-8bce-c77cb5e76c85] - Session.negotiatedCapabilities - {"browserName":"phantomjs","version":"2.0.0","driverName":"ghostdriver","driverVersion":"1.2.0","platform":"windows-8-32bit","javascriptEnabled":true,"takesScreenshot":true,"handlesAlerts":false,"databaseEnabled":false,"locationContextEnabled":false,"applicationCacheEnabled":false,"browserConnectionEnabled":false,"cssSelectorsEnabled":true,"webStorageEnabled":false,"rotatable":false,"acceptSslCerts":false,"nativeEvents":true,"proxy":{"proxyType":"direct"}}
[INFO  - 2017-02-18T02:15:03.616Z] SessionManagerReqHand - _postNewSessionCommand - New Session Created: 0ee81a90-f580-11e6-8bce-c77cb5e76c85
[INFO  - 2017-02-18T02:15:04.236Z] ShutdownReqHand - _handle - About to shutdown
[INFO  - 2017-02-18T02:15:51.865Z] GhostDriver - Main - running on port 32120
[INFO  - 2017-02-18T02:15:52.499Z] Session [2c0a9990-f580-11e6-bd0b-3b48de7043af] - page.settings - {"XSSAuditingEnabled":false,"javascriptCanCloseWindows":true,"javascriptCanOpenWindows":true,"javascriptEnabled":true,"loadImages":true,"localToRemoteUrlAccessEnabled":false,"userAgent":"Mozilla/5.0 (Windows NT 6.2; WOW64) AppleWebKit/538.1 (KHTML, like Gecko) PhantomJS/2.0.0 Safari/538.1","webSecurityEnabled":true}
[INFO  - 2017-02-18T02:15:52.500Z] Session [2c0a9990-f580-11e6-bd0b-3b48de7043af] - page.customHeaders:  - {}
[INFO  - 2017-02-18T02:15:52.500Z] Session [2c0a9990-f580-11e6-bd0b-3b48de7043af] - Session.negotiatedCapabilities - {"browserName":"phantomjs","version":"2.0.0","driverName":"ghostdriver","driverVersion":"1.2.0","platform":"windows-8-32bit","javascriptEnabled":true,"takesScreenshot":true,"handlesAlerts":false,"databaseEnabled":false,"locationContextEnabled":false,"applicationCacheEnabled":false,"browserConnectionEnabled":false,"cssSelectorsEnabled":true,"webStorageEnabled":false,"rotatable":false,"acceptSslCerts":false,"nativeEvents":true,"proxy":{"proxyType":"direct"}}
[INFO  - 2017-02-18T02:15:52.500Z] SessionManagerReqHand - _postNewSessionCommand - New Session Created: 2c0a9990-f580-11e6-bd0b-3b48de7043af
[INFO  - 2017-02-18T02:15:53.125Z] ShutdownReqHand - _handle - About to shutdown
[INFO  - 2017-02-18T02:16:31.546Z] GhostDriver - Main - running on port 26374
[INFO  - 2017-02-18T02:16:32.141Z] Session [43ac1970-f580-11e6-8276-e1429d6477cb] - page.settings - {"XSSAuditingEnabled":false,"javascriptCanCloseWindows":true,"javascriptCanOpenWindows":true,"javascriptEnabled":true,"loadImages":true,"localToRemoteUrlAccessEnabled":false,"userAgent":"Mozilla/5.0 (Windows NT 6.2; WOW64) AppleWebKit/538.1 (KHTML, like Gecko) PhantomJS/2.0.0 Safari/538.1","webSecurityEnabled":true}
[INFO  - 2017-02-18T02:16:32.141Z] Session [43ac1970-f580-11e6-8276-e1429d6477cb] - page.customHeaders:  - {}
[INFO  - 2017-02-18T02:16:32.141Z] Session [43ac1970-f580-11e6-8276-e1429d6477cb] - Session.negotiatedCapabilities - {"browserName":"phantomjs","version":"2.0.0","driverName":"ghostdriver","driverVersion":"1.2.0","platform":"windows-8-32bit","javascriptEnabled":true,"takesScreenshot":true,"handlesAlerts":false,"databaseEnabled":false,"locationContextEnabled":false,"applicationCacheEnabled":false,"browserConnectionEnabled":false,"cssSelectorsEnabled":true,"webStorageEnabled":false,"rotatable":false,"acceptSslCerts":false,"nativeEvents":true,"proxy":{"proxyType":"direct"}}
[INFO  - 2017-02-18T02:16:32.142Z] SessionManagerReqHand - _postNewSessionCommand - New Session Created: 43ac1970-f580-11e6-8276-e1429d6477cb
[INFO  - 2017-02-18T02:16:32.752Z] ShutdownReqHand - _handle - About to shutdown
[INFO  - 2017-02-18T02:17:11.647Z] GhostDriver - Main - running on port 33270
[INFO  - 2017-02-18T02:17:12.216Z] Session [5b8f0f20-f580-11e6-aeee-99c1edd11381] - page.settings - {"XSSAuditingEnabled":false,"javascriptCanCloseWindows":true,"javascriptCanOpenWindows":true,"javascriptEnabled":true,"loadImages":true,"localToRemoteUrlAccessEnabled":false,"userAgent":"Mozilla/5.0 (Windows NT 6.2; WOW64) AppleWebKit/538.1 (KHTML, like Gecko) PhantomJS/2.0.0 Safari/538.1","webSecurityEnabled":true}
[INFO  - 2017-02-18T02:17:12.216Z] Session [5b8f0f20-f580-11e6-aeee-99c1edd11381] - page.customHeaders:  - {}
[INFO  - 2017-02-18T02:17:12.217Z] Session [5b8f0f20-f580-11e6-aeee-99c1edd11381] - Session.negotiatedCapabilities - {"browserName":"phantomjs","version":"2.0.0","driverName":"ghostdriver","driverVersion":"1.2.0","platform":"windows-8-32bit","javascriptEnabled":true,"takesScreenshot":true,"handlesAlerts":false,"databaseEnabled":false,"locationContextEnabled":false,"applicationCacheEnabled":false,"browserConnectionEnabled":false,"cssSelectorsEnabled":true,"webStorageEnabled":false,"rotatable":false,"acceptSslCerts":false,"nativeEvents":true,"proxy":{"proxyType":"direct"}}
[INFO  - 2017-02-18T02:17:12.217Z] SessionManagerReqHand - _postNewSessionCommand - New Session Created: 5b8f0f20-f580-11e6-aeee-99c1edd11381
[INFO  - 2017-02-18T02:17:12.854Z] ShutdownReqHand - _handle - About to shutdown
[INFO  - 2017-02-18T02:17:37.740Z] GhostDriver - Main - running on port 31311
[INFO  - 2017-02-18T02:17:38.355Z] Session [6b238dd0-f580-11e6-b803-97e7fd972123] - page.settings - {"XSSAuditingEnabled":false,"javascriptCanCloseWindows":true,"javascriptCanOpenWindows":true,"javascriptEnabled":true,"loadImages":true,"localToRemoteUrlAccessEnabled":false,"userAgent":"Mozilla/5.0 (Windows NT 6.2; WOW64) AppleWebKit/538.1 (KHTML, like Gecko) PhantomJS/2.0.0 Safari/538.1","webSecurityEnabled":true}
[INFO  - 2017-02-18T02:17:38.355Z] Session [6b238dd0-f580-11e6-b803-97e7fd972123] - page.customHeaders:  - {}
[INFO  - 2017-02-18T02:17:38.356Z] Session [6b238dd0-f580-11e6-b803-97e7fd972123] - Session.negotiatedCapabilities - {"browserName":"phantomjs","version":"2.0.0","driverName":"ghostdriver","driverVersion":"1.2.0","platform":"windows-8-32bit","javascriptEnabled":true,"takesScreenshot":true,"handlesAlerts":false,"databaseEnabled":false,"locationContextEnabled":false,"applicationCacheEnabled":false,"browserConnectionEnabled":false,"cssSelectorsEnabled":true,"webStorageEnabled":false,"rotatable":false,"acceptSslCerts":false,"nativeEvents":true,"proxy":{"proxyType":"direct"}}
[INFO  - 2017-02-18T02:17:38.356Z] SessionManagerReqHand - _postNewSessionCommand - New Session Created: 6b238dd0-f580-11e6-b803-97e7fd972123
[INFO  - 2017-02-18T02:17:38.935Z] ShutdownReqHand - _handle - About to shutdown
[INFO  - 2017-02-18T02:18:21.111Z] GhostDriver - Main - running on port 29558
[INFO  - 2017-02-18T02:18:21.633Z] Session [84ef19a0-f580-11e6-90ff-17be27ea6665] - page.settings - {"XSSAuditingEnabled":false,"javascriptCanCloseWindows":true,"javascriptCanOpenWindows":true,"javascriptEnabled":true,"loadImages":true,"localToRemoteUrlAccessEnabled":false,"userAgent":"Mozilla/5.0 (Windows NT 6.2; WOW64) AppleWebKit/538.1 (KHTML, like Gecko) PhantomJS/2.0.0 Safari/538.1","webSecurityEnabled":true}
[INFO  - 2017-02-18T02:18:21.633Z] Session [84ef19a0-f580-11e6-90ff-17be27ea6665] - page.customHeaders:  - {}
[INFO  - 2017-02-18T02:18:21.634Z] Session [84ef19a0-f580-11e6-90ff-17be27ea6665] - Session.negotiatedCapabilities - {"browserName":"phantomjs","version":"2.0.0","driverName":"ghostdriver","driverVersion":"1.2.0","platform":"windows-8-32bit","javascriptEnabled":true,"takesScreenshot":true,"handlesAlerts":false,"databaseEnabled":false,"locationContextEnabled":false,"applicationCacheEnabled":false,"browserConnectionEnabled":false,"cssSelectorsEnabled":true,"webStorageEnabled":false,"rotatable":false,"acceptSslCerts":false,"nativeEvents":true,"proxy":{"proxyType":"direct"}}
[INFO  - 2017-02-18T02:18:21.634Z] SessionManagerReqHand - _postNewSessionCommand - New Session Created: 84ef19a0-f580-11e6-90ff-17be27ea6665
[INFO  - 2017-02-18T02:18:22.251Z] ShutdownReqHand - _handle - About to shutdown
[INFO  - 2017-02-18T02:19:02.352Z] GhostDriver - Main - running on port 20668
[INFO  - 2017-02-18T02:19:02.860Z] Session [9d81fe60-f580-11e6-bcc0-9154b20110ce] - page.settings - {"XSSAuditingEnabled":false,"javascriptCanCloseWindows":true,"javascriptCanOpenWindows":true,"javascriptEnabled":true,"loadImages":true,"localToRemoteUrlAccessEnabled":false,"userAgent":"Mozilla/5.0 (Windows NT 6.2; WOW64) AppleWebKit/538.1 (KHTML, like Gecko) PhantomJS/2.0.0 Safari/538.1","webSecurityEnabled":true}
[INFO  - 2017-02-18T02:19:02.860Z] Session [9d81fe60-f580-11e6-bcc0-9154b20110ce] - page.customHeaders:  - {}
[INFO  - 2017-02-18T02:19:02.860Z] Session [9d81fe60-f580-11e6-bcc0-9154b20110ce] - Session.negotiatedCapabilities - {"browserName":"phantomjs","version":"2.0.0","driverName":"ghostdriver","driverVersion":"1.2.0","platform":"windows-8-32bit","javascriptEnabled":true,"takesScreenshot":true,"handlesAlerts":false,"databaseEnabled":false,"locationContextEnabled":false,"applicationCacheEnabled":false,"browserConnectionEnabled":false,"cssSelectorsEnabled":true,"webStorageEnabled":false,"rotatable":false,"acceptSslCerts":false,"nativeEvents":true,"proxy":{"proxyType":"direct"}}
[INFO  - 2017-02-18T02:19:02.860Z] SessionManagerReqHand - _postNewSessionCommand - New Session Created: 9d81fe60-f580-11e6-bcc0-9154b20110ce
[INFO  - 2017-02-18T02:19:03.448Z] ShutdownReqHand - _handle - About to shutdown
[INFO  - 2017-02-18T02:19:41.397Z] GhostDriver - Main - running on port 40752
[INFO  - 2017-02-18T02:19:41.958Z] Session [b4cfe000-f580-11e6-b9ce-7d75be484d23] - page.settings - {"XSSAuditingEnabled":false,"javascriptCanCloseWindows":true,"javascriptCanOpenWindows":true,"javascriptEnabled":true,"loadImages":true,"localToRemoteUrlAccessEnabled":false,"userAgent":"Mozilla/5.0 (Windows NT 6.2; WOW64) AppleWebKit/538.1 (KHTML, like Gecko) PhantomJS/2.0.0 Safari/538.1","webSecurityEnabled":true}
[INFO  - 2017-02-18T02:19:41.958Z] Session [b4cfe000-f580-11e6-b9ce-7d75be484d23] - page.customHeaders:  - {}
[INFO  - 2017-02-18T02:19:41.959Z] Session [b4cfe000-f580-11e6-b9ce-7d75be484d23] - Session.negotiatedCapabilities - {"browserName":"phantomjs","version":"2.0.0","driverName":"ghostdriver","driverVersion":"1.2.0","platform":"windows-8-32bit","javascriptEnabled":true,"takesScreenshot":true,"handlesAlerts":false,"databaseEnabled":false,"locationContextEnabled":false,"applicationCacheEnabled":false,"browserConnectionEnabled":false,"cssSelectorsEnabled":true,"webStorageEnabled":false,"rotatable":false,"acceptSslCerts":false,"nativeEvents":true,"proxy":{"proxyType":"direct"}}
[INFO  - 2017-02-18T02:19:41.959Z] SessionManagerReqHand - _postNewSessionCommand - New Session Created: b4cfe000-f580-11e6-b9ce-7d75be484d23
[INFO  - 2017-02-18T02:19:42.530Z] ShutdownReqHand - _handle - About to shutdown
[INFO  - 2017-02-18T02:20:16.989Z] GhostDriver - Main - running on port 41664
[INFO  - 2017-02-18T02:20:17.530Z] Session [ca03bb40-f580-11e6-9f1c-25a924f1dc4c] - page.settings - {"XSSAuditingEnabled":false,"javascriptCanCloseWindows":true,"javascriptCanOpenWindows":true,"javascriptEnabled":true,"loadImages":true,"localToRemoteUrlAccessEnabled":false,"userAgent":"Mozilla/5.0 (Windows NT 6.2; WOW64) AppleWebKit/538.1 (KHTML, like Gecko) PhantomJS/2.0.0 Safari/538.1","webSecurityEnabled":true}
[INFO  - 2017-02-18T02:20:17.530Z] Session [ca03bb40-f580-11e6-9f1c-25a924f1dc4c] - page.customHeaders:  - {}
[INFO  - 2017-02-18T02:20:17.530Z] Session [ca03bb40-f580-11e6-9f1c-25a924f1dc4c] - Session.negotiatedCapabilities - {"browserName":"phantomjs","version":"2.0.0","driverName":"ghostdriver","driverVersion":"1.2.0","platform":"windows-8-32bit","javascriptEnabled":true,"takesScreenshot":true,"handlesAlerts":false,"databaseEnabled":false,"locationContextEnabled":false,"applicationCacheEnabled":false,"browserConnectionEnabled":false,"cssSelectorsEnabled":true,"webStorageEnabled":false,"rotatable":false,"acceptSslCerts":false,"nativeEvents":true,"proxy":{"proxyType":"direct"}}
[INFO  - 2017-02-18T02:20:17.531Z] SessionManagerReqHand - _postNewSessionCommand - New Session Created: ca03bb40-f580-11e6-9f1c-25a924f1dc4c
[INFO  - 2017-02-18T02:20:18.123Z] ShutdownReqHand - _handle - About to shutdown
[INFO  - 2017-02-18T02:20:43.017Z] GhostDriver - Main - running on port 35717
[INFO  - 2017-02-18T02:20:43.603Z] Session [d98d8b90-f580-11e6-b0b0-4fadb5672b66] - page.settings - {"XSSAuditingEnabled":false,"javascriptCanCloseWindows":true,"javascriptCanOpenWindows":true,"javascriptEnabled":true,"loadImages":true,"localToRemoteUrlAccessEnabled":false,"userAgent":"Mozilla/5.0 (Windows NT 6.2; WOW64) AppleWebKit/538.1 (KHTML, like Gecko) PhantomJS/2.0.0 Safari/538.1","webSecurityEnabled":true}
[INFO  - 2017-02-18T02:20:43.603Z] Session [d98d8b90-f580-11e6-b0b0-4fadb5672b66] - page.customHeaders:  - {}
[INFO  - 2017-02-18T02:20:43.604Z] Session [d98d8b90-f580-11e6-b0b0-4fadb5672b66] - Session.negotiatedCapabilities - {"browserName":"phantomjs","version":"2.0.0","driverName":"ghostdriver","driverVersion":"1.2.0","platform":"windows-8-32bit","javascriptEnabled":true,"takesScreenshot":true,"handlesAlerts":false,"databaseEnabled":false,"locationContextEnabled":false,"applicationCacheEnabled":false,"browserConnectionEnabled":false,"cssSelectorsEnabled":true,"webStorageEnabled":false,"rotatable":false,"acceptSslCerts":false,"nativeEvents":true,"proxy":{"proxyType":"direct"}}
[INFO  - 2017-02-18T02:20:43.604Z] SessionManagerReqHand - _postNewSessionCommand - New Session Created: d98d8b90-f580-11e6-b0b0-4fadb5672b66
[INFO  - 2017-02-18T02:20:44.224Z] ShutdownReqHand - _handle - About to shutdown
[INFO  - 2017-02-18T02:21:20.334Z] GhostDriver - Main - running on port 24600
[INFO  - 2017-02-18T02:21:20.650Z] Session [ef9ece80-f580-11e6-909d-cfac5e04f3f6] - page.settings - {"XSSAuditingEnabled":false,"javascriptCanCloseWindows":true,"javascriptCanOpenWindows":true,"javascriptEnabled":true,"loadImages":true,"localToRemoteUrlAccessEnabled":false,"userAgent":"Mozilla/5.0 (Windows NT 6.2; WOW64) AppleWebKit/538.1 (KHTML, like Gecko) PhantomJS/2.0.0 Safari/538.1","webSecurityEnabled":true}
[INFO  - 2017-02-18T02:21:20.650Z] Session [ef9ece80-f580-11e6-909d-cfac5e04f3f6] - page.customHeaders:  - {}
[INFO  - 2017-02-18T02:21:20.650Z] Session [ef9ece80-f580-11e6-909d-cfac5e04f3f6] - Session.negotiatedCapabilities - {"browserName":"phantomjs","version":"2.0.0","driverName":"ghostdriver","driverVersion":"1.2.0","platform":"windows-8-32bit","javascriptEnabled":true,"takesScreenshot":true,"handlesAlerts":false,"databaseEnabled":false,"locationContextEnabled":false,"applicationCacheEnabled":false,"browserConnectionEnabled":false,"cssSelectorsEnabled":true,"webStorageEnabled":false,"rotatable":false,"acceptSslCerts":false,"nativeEvents":true,"proxy":{"proxyType":"direct"}}
[INFO  - 2017-02-18T02:21:20.650Z] SessionManagerReqHand - _postNewSessionCommand - New Session Created: ef9ece80-f580-11e6-909d-cfac5e04f3f6
[INFO  - 2017-02-18T02:21:21.327Z] ShutdownReqHand - _handle - About to shutdown
[INFO  - 2017-02-18T02:22:31.965Z] GhostDriver - Main - running on port 9856
[INFO  - 2017-02-18T02:22:32.484Z] Session [1a7413e0-f581-11e6-9a88-31902e4f8539] - page.settings - {"XSSAuditingEnabled":false,"javascriptCanCloseWindows":true,"javascriptCanOpenWindows":true,"javascriptEnabled":true,"loadImages":true,"localToRemoteUrlAccessEnabled":false,"userAgent":"Mozilla/5.0 (Windows NT 6.2; WOW64) AppleWebKit/538.1 (KHTML, like Gecko) PhantomJS/2.0.0 Safari/538.1","webSecurityEnabled":true}
[INFO  - 2017-02-18T02:22:32.484Z] Session [1a7413e0-f581-11e6-9a88-31902e4f8539] - page.customHeaders:  - {}
[INFO  - 2017-02-18T02:22:32.485Z] Session [1a7413e0-f581-11e6-9a88-31902e4f8539] - Session.negotiatedCapabilities - {"browserName":"phantomjs","version":"2.0.0","driverName":"ghostdriver","driverVersion":"1.2.0","platform":"windows-8-32bit","javascriptEnabled":true,"takesScreenshot":true,"handlesAlerts":false,"databaseEnabled":false,"locationContextEnabled":false,"applicationCacheEnabled":false,"browserConnectionEnabled":false,"cssSelectorsEnabled":true,"webStorageEnabled":false,"rotatable":false,"acceptSslCerts":false,"nativeEvents":true,"proxy":{"proxyType":"direct"}}
[INFO  - 2017-02-18T02:22:32.485Z] SessionManagerReqHand - _postNewSessionCommand - New Session Created: 1a7413e0-f581-11e6-9a88-31902e4f8539
[INFO  - 2017-02-18T02:22:33.097Z] ShutdownReqHand - _handle - About to shutdown
[INFO  - 2017-02-18T02:23:26.974Z] GhostDriver - Main - running on port 29894
[INFO  - 2017-02-18T02:23:27.541Z] Session [3b451bf0-f581-11e6-9ecd-07067eb83658] - page.settings - {"XSSAuditingEnabled":false,"javascriptCanCloseWindows":true,"javascriptCanOpenWindows":true,"javascriptEnabled":true,"loadImages":true,"localToRemoteUrlAccessEnabled":false,"userAgent":"Mozilla/5.0 (Windows NT 6.2; WOW64) AppleWebKit/538.1 (KHTML, like Gecko) PhantomJS/2.0.0 Safari/538.1","webSecurityEnabled":true}
[INFO  - 2017-02-18T02:23:27.542Z] Session [3b451bf0-f581-11e6-9ecd-07067eb83658] - page.customHeaders:  - {}
[INFO  - 2017-02-18T02:23:27.542Z] Session [3b451bf0-f581-11e6-9ecd-07067eb83658] - Session.negotiatedCapabilities - {"browserName":"phantomjs","version":"2.0.0","driverName":"ghostdriver","driverVersion":"1.2.0","platform":"windows-8-32bit","javascriptEnabled":true,"takesScreenshot":true,"handlesAlerts":false,"databaseEnabled":false,"locationContextEnabled":false,"applicationCacheEnabled":false,"browserConnectionEnabled":false,"cssSelectorsEnabled":true,"webStorageEnabled":false,"rotatable":false,"acceptSslCerts":false,"nativeEvents":true,"proxy":{"proxyType":"direct"}}
[INFO  - 2017-02-18T02:23:27.542Z] SessionManagerReqHand - _postNewSessionCommand - New Session Created: 3b451bf0-f581-11e6-9ecd-07067eb83658
[INFO  - 2017-02-18T02:23:28.175Z] ShutdownReqHand - _handle - About to shutdown
[INFO  - 2017-02-18T02:24:06.489Z] GhostDriver - Main - running on port 7591
[INFO  - 2017-02-18T02:24:07.073Z] Session [52d536b0-f581-11e6-b896-f186b7955599] - page.settings - {"XSSAuditingEnabled":false,"javascriptCanCloseWindows":true,"javascriptCanOpenWindows":true,"javascriptEnabled":true,"loadImages":true,"localToRemoteUrlAccessEnabled":false,"userAgent":"Mozilla/5.0 (Windows NT 6.2; WOW64) AppleWebKit/538.1 (KHTML, like Gecko) PhantomJS/2.0.0 Safari/538.1","webSecurityEnabled":true}
[INFO  - 2017-02-18T02:24:07.074Z] Session [52d536b0-f581-11e6-b896-f186b7955599] - page.customHeaders:  - {}
[INFO  - 2017-02-18T02:24:07.074Z] Session [52d536b0-f581-11e6-b896-f186b7955599] - Session.negotiatedCapabilities - {"browserName":"phantomjs","version":"2.0.0","driverName":"ghostdriver","driverVersion":"1.2.0","platform":"windows-8-32bit","javascriptEnabled":true,"takesScreenshot":true,"handlesAlerts":false,"databaseEnabled":false,"locationContextEnabled":false,"applicationCacheEnabled":false,"browserConnectionEnabled":false,"cssSelectorsEnabled":true,"webStorageEnabled":false,"rotatable":false,"acceptSslCerts":false,"nativeEvents":true,"proxy":{"proxyType":"direct"}}
[INFO  - 2017-02-18T02:24:07.074Z] SessionManagerReqHand - _postNewSessionCommand - New Session Created: 52d536b0-f581-11e6-b896-f186b7955599
[INFO  - 2017-02-18T02:24:07.683Z] ShutdownReqHand - _handle - About to shutdown
[INFO  - 2017-02-18T02:24:51.938Z] GhostDriver - Main - running on port 44810
[INFO  - 2017-02-18T02:24:52.652Z] Session [6dff6820-f581-11e6-a68d-bdc364ec8447] - page.settings - {"XSSAuditingEnabled":false,"javascriptCanCloseWindows":true,"javascriptCanOpenWindows":true,"javascriptEnabled":true,"loadImages":true,"localToRemoteUrlAccessEnabled":false,"userAgent":"Mozilla/5.0 (Windows NT 6.2; WOW64) AppleWebKit/538.1 (KHTML, like Gecko) PhantomJS/2.0.0 Safari/538.1","webSecurityEnabled":true}
[INFO  - 2017-02-18T02:24:52.652Z] Session [6dff6820-f581-11e6-a68d-bdc364ec8447] - page.customHeaders:  - {}
[INFO  - 2017-02-18T02:24:52.653Z] Session [6dff6820-f581-11e6-a68d-bdc364ec8447] - Session.negotiatedCapabilities - {"browserName":"phantomjs","version":"2.0.0","driverName":"ghostdriver","driverVersion":"1.2.0","platform":"windows-8-32bit","javascriptEnabled":true,"takesScreenshot":true,"handlesAlerts":false,"databaseEnabled":false,"locationContextEnabled":false,"applicationCacheEnabled":false,"browserConnectionEnabled":false,"cssSelectorsEnabled":true,"webStorageEnabled":false,"rotatable":false,"acceptSslCerts":false,"nativeEvents":true,"proxy":{"proxyType":"direct"}}
[INFO  - 2017-02-18T02:24:52.653Z] SessionManagerReqHand - _postNewSessionCommand - New Session Created: 6dff6820-f581-11e6-a68d-bdc364ec8447
[INFO  - 2017-02-18T02:24:53.288Z] ShutdownReqHand - _handle - About to shutdown
[INFO  - 2017-02-18T02:26:12.833Z] GhostDriver - Main - running on port 37675
[INFO  - 2017-02-18T02:26:13.235Z] Session [9e0828e0-f581-11e6-8dbe-a5c659f3c789] - page.settings - {"XSSAuditingEnabled":false,"javascriptCanCloseWindows":true,"javascriptCanOpenWindows":true,"javascriptEnabled":true,"loadImages":true,"localToRemoteUrlAccessEnabled":false,"userAgent":"Mozilla/5.0 (Windows NT 6.2; WOW64) AppleWebKit/538.1 (KHTML, like Gecko) PhantomJS/2.0.0 Safari/538.1","webSecurityEnabled":true}
[INFO  - 2017-02-18T02:26:13.236Z] Session [9e0828e0-f581-11e6-8dbe-a5c659f3c789] - page.customHeaders:  - {}
[INFO  - 2017-02-18T02:26:13.236Z] Session [9e0828e0-f581-11e6-8dbe-a5c659f3c789] - Session.negotiatedCapabilities - {"browserName":"phantomjs","version":"2.0.0","driverName":"ghostdriver","driverVersion":"1.2.0","platform":"windows-8-32bit","javascriptEnabled":true,"takesScreenshot":true,"handlesAlerts":false,"databaseEnabled":false,"locationContextEnabled":false,"applicationCacheEnabled":false,"browserConnectionEnabled":false,"cssSelectorsEnabled":true,"webStorageEnabled":false,"rotatable":false,"acceptSslCerts":false,"nativeEvents":true,"proxy":{"proxyType":"direct"}}
[INFO  - 2017-02-18T02:26:13.236Z] SessionManagerReqHand - _postNewSessionCommand - New Session Created: 9e0828e0-f581-11e6-8dbe-a5c659f3c789
[INFO  - 2017-02-18T02:26:13.827Z] ShutdownReqHand - _handle - About to shutdown
[INFO  - 2017-02-18T02:28:02.362Z] GhostDriver - Main - running on port 11566
[INFO  - 2017-02-18T02:28:02.932Z] Session [df6a70e0-f581-11e6-bbeb-a39e3b9eaf7c] - page.settings - {"XSSAuditingEnabled":false,"javascriptCanCloseWindows":true,"javascriptCanOpenWindows":true,"javascriptEnabled":true,"loadImages":true,"localToRemoteUrlAccessEnabled":false,"userAgent":"Mozilla/5.0 (Windows NT 6.2; WOW64) AppleWebKit/538.1 (KHTML, like Gecko) PhantomJS/2.0.0 Safari/538.1","webSecurityEnabled":true}
[INFO  - 2017-02-18T02:28:02.932Z] Session [df6a70e0-f581-11e6-bbeb-a39e3b9eaf7c] - page.customHeaders:  - {}
[INFO  - 2017-02-18T02:28:02.932Z] Session [df6a70e0-f581-11e6-bbeb-a39e3b9eaf7c] - Session.negotiatedCapabilities - {"browserName":"phantomjs","version":"2.0.0","driverName":"ghostdriver","driverVersion":"1.2.0","platform":"windows-8-32bit","javascriptEnabled":true,"takesScreenshot":true,"handlesAlerts":false,"databaseEnabled":false,"locationContextEnabled":false,"applicationCacheEnabled":false,"browserConnectionEnabled":false,"cssSelectorsEnabled":true,"webStorageEnabled":false,"rotatable":false,"acceptSslCerts":false,"nativeEvents":true,"proxy":{"proxyType":"direct"}}
[INFO  - 2017-02-18T02:28:02.933Z] SessionManagerReqHand - _postNewSessionCommand - New Session Created: df6a70e0-f581-11e6-bbeb-a39e3b9eaf7c
[INFO  - 2017-02-18T02:28:03.509Z] ShutdownReqHand - _handle - About to shutdown
[INFO  - 2017-02-18T02:28:37.412Z] GhostDriver - Main - running on port 1089
[INFO  - 2017-02-18T02:28:37.958Z] Session [f44ad4f0-f581-11e6-acd9-5dc6d73f7d67] - page.settings - {"XSSAuditingEnabled":false,"javascriptCanCloseWindows":true,"javascriptCanOpenWindows":true,"javascriptEnabled":true,"loadImages":true,"localToRemoteUrlAccessEnabled":false,"userAgent":"Mozilla/5.0 (Windows NT 6.2; WOW64) AppleWebKit/538.1 (KHTML, like Gecko) PhantomJS/2.0.0 Safari/538.1","webSecurityEnabled":true}
[INFO  - 2017-02-18T02:28:37.958Z] Session [f44ad4f0-f581-11e6-acd9-5dc6d73f7d67] - page.customHeaders:  - {}
[INFO  - 2017-02-18T02:28:37.958Z] Session [f44ad4f0-f581-11e6-acd9-5dc6d73f7d67] - Session.negotiatedCapabilities - {"browserName":"phantomjs","version":"2.0.0","driverName":"ghostdriver","driverVersion":"1.2.0","platform":"windows-8-32bit","javascriptEnabled":true,"takesScreenshot":true,"handlesAlerts":false,"databaseEnabled":false,"locationContextEnabled":false,"applicationCacheEnabled":false,"browserConnectionEnabled":false,"cssSelectorsEnabled":true,"webStorageEnabled":false,"rotatable":false,"acceptSslCerts":false,"nativeEvents":true,"proxy":{"proxyType":"direct"}}
[INFO  - 2017-02-18T02:28:37.958Z] SessionManagerReqHand - _postNewSessionCommand - New Session Created: f44ad4f0-f581-11e6-acd9-5dc6d73f7d67
[INFO  - 2017-02-18T02:28:38.587Z] ShutdownReqHand - _handle - About to shutdown
[INFO  - 2017-02-18T02:29:32.454Z] GhostDriver - Main - running on port 31338
[INFO  - 2017-02-18T02:29:32.988Z] Session [15174920-f582-11e6-8efc-d947c1feea94] - page.settings - {"XSSAuditingEnabled":false,"javascriptCanCloseWindows":true,"javascriptCanOpenWindows":true,"javascriptEnabled":true,"loadImages":true,"localToRemoteUrlAccessEnabled":false,"userAgent":"Mozilla/5.0 (Windows NT 6.2; WOW64) AppleWebKit/538.1 (KHTML, like Gecko) PhantomJS/2.0.0 Safari/538.1","webSecurityEnabled":true}
[INFO  - 2017-02-18T02:29:32.988Z] Session [15174920-f582-11e6-8efc-d947c1feea94] - page.customHeaders:  - {}
[INFO  - 2017-02-18T02:29:32.989Z] Session [15174920-f582-11e6-8efc-d947c1feea94] - Session.negotiatedCapabilities - {"browserName":"phantomjs","version":"2.0.0","driverName":"ghostdriver","driverVersion":"1.2.0","platform":"windows-8-32bit","javascriptEnabled":true,"takesScreenshot":true,"handlesAlerts":false,"databaseEnabled":false,"locationContextEnabled":false,"applicationCacheEnabled":false,"browserConnectionEnabled":false,"cssSelectorsEnabled":true,"webStorageEnabled":false,"rotatable":false,"acceptSslCerts":false,"nativeEvents":true,"proxy":{"proxyType":"direct"}}
[INFO  - 2017-02-18T02:29:32.989Z] SessionManagerReqHand - _postNewSessionCommand - New Session Created: 15174920-f582-11e6-8efc-d947c1feea94
[INFO  - 2017-02-18T02:29:33.581Z] ShutdownReqHand - _handle - About to shutdown
[INFO  - 2017-02-18T02:30:45.958Z] GhostDriver - Main - running on port 22937
[INFO  - 2017-02-18T02:30:46.535Z] Session [40edf8f0-f582-11e6-83a4-bddef5573784] - page.settings - {"XSSAuditingEnabled":false,"javascriptCanCloseWindows":true,"javascriptCanOpenWindows":true,"javascriptEnabled":true,"loadImages":true,"localToRemoteUrlAccessEnabled":false,"userAgent":"Mozilla/5.0 (Windows NT 6.2; WOW64) AppleWebKit/538.1 (KHTML, like Gecko) PhantomJS/2.0.0 Safari/538.1","webSecurityEnabled":true}
[INFO  - 2017-02-18T02:30:46.536Z] Session [40edf8f0-f582-11e6-83a4-bddef5573784] - page.customHeaders:  - {}
[INFO  - 2017-02-18T02:30:46.536Z] Session [40edf8f0-f582-11e6-83a4-bddef5573784] - Session.negotiatedCapabilities - {"browserName":"phantomjs","version":"2.0.0","driverName":"ghostdriver","driverVersion":"1.2.0","platform":"windows-8-32bit","javascriptEnabled":true,"takesScreenshot":true,"handlesAlerts":false,"databaseEnabled":false,"locationContextEnabled":false,"applicationCacheEnabled":false,"browserConnectionEnabled":false,"cssSelectorsEnabled":true,"webStorageEnabled":false,"rotatable":false,"acceptSslCerts":false,"nativeEvents":true,"proxy":{"proxyType":"direct"}}
[INFO  - 2017-02-18T02:30:46.536Z] SessionManagerReqHand - _postNewSessionCommand - New Session Created: 40edf8f0-f582-11e6-83a4-bddef5573784
[INFO  - 2017-02-18T02:30:47.191Z] ShutdownReqHand - _handle - About to shutdown
[INFO  - 2017-02-18T02:37:12.199Z] GhostDriver - Main - running on port 13117
[INFO  - 2017-02-18T02:37:12.624Z] Session [270ec8a0-f583-11e6-83f7-a52a0bcb7d90] - page.settings - {"XSSAuditingEnabled":false,"javascriptCanCloseWindows":true,"javascriptCanOpenWindows":true,"javascriptEnabled":true,"loadImages":true,"localToRemoteUrlAccessEnabled":false,"userAgent":"Mozilla/5.0 (Windows NT 6.2; WOW64) AppleWebKit/538.1 (KHTML, like Gecko) PhantomJS/2.0.0 Safari/538.1","webSecurityEnabled":true}
[INFO  - 2017-02-18T02:37:12.625Z] Session [270ec8a0-f583-11e6-83f7-a52a0bcb7d90] - page.customHeaders:  - {}
[INFO  - 2017-02-18T02:37:12.625Z] Session [270ec8a0-f583-11e6-83f7-a52a0bcb7d90] - Session.negotiatedCapabilities - {"browserName":"phantomjs","version":"2.0.0","driverName":"ghostdriver","driverVersion":"1.2.0","platform":"windows-8-32bit","javascriptEnabled":true,"takesScreenshot":true,"handlesAlerts":false,"databaseEnabled":false,"locationContextEnabled":false,"applicationCacheEnabled":false,"browserConnectionEnabled":false,"cssSelectorsEnabled":true,"webStorageEnabled":false,"rotatable":false,"acceptSslCerts":false,"nativeEvents":true,"proxy":{"proxyType":"direct"}}
[INFO  - 2017-02-18T02:37:12.625Z] SessionManagerReqHand - _postNewSessionCommand - New Session Created: 270ec8a0-f583-11e6-83f7-a52a0bcb7d90
[INFO  - 2017-02-18T02:37:13.262Z] ShutdownReqHand - _handle - About to shutdown
[INFO  - 2017-02-18T02:37:44.462Z] GhostDriver - Main - running on port 44302
[INFO  - 2017-02-18T02:37:44.960Z] Session [3a548f80-f583-11e6-962d-1fe5d8fb4324] - page.settings - {"XSSAuditingEnabled":false,"javascriptCanCloseWindows":true,"javascriptCanOpenWindows":true,"javascriptEnabled":true,"loadImages":true,"localToRemoteUrlAccessEnabled":false,"userAgent":"Mozilla/5.0 (Windows NT 6.2; WOW64) AppleWebKit/538.1 (KHTML, like Gecko) PhantomJS/2.0.0 Safari/538.1","webSecurityEnabled":true}
[INFO  - 2017-02-18T02:37:44.960Z] Session [3a548f80-f583-11e6-962d-1fe5d8fb4324] - page.customHeaders:  - {}
[INFO  - 2017-02-18T02:37:44.960Z] Session [3a548f80-f583-11e6-962d-1fe5d8fb4324] - Session.negotiatedCapabilities - {"browserName":"phantomjs","version":"2.0.0","driverName":"ghostdriver","driverVersion":"1.2.0","platform":"windows-8-32bit","javascriptEnabled":true,"takesScreenshot":true,"handlesAlerts":false,"databaseEnabled":false,"locationContextEnabled":false,"applicationCacheEnabled":false,"browserConnectionEnabled":false,"cssSelectorsEnabled":true,"webStorageEnabled":false,"rotatable":false,"acceptSslCerts":false,"nativeEvents":true,"proxy":{"proxyType":"direct"}}
[INFO  - 2017-02-18T02:37:44.961Z] SessionManagerReqHand - _postNewSessionCommand - New Session Created: 3a548f80-f583-11e6-962d-1fe5d8fb4324
[ERROR - 2017-02-18T02:37:45.364Z] Session [3a548f80-f583-11e6-962d-1fe5d8fb4324] - page.onError - msg: Spec 'arePolynomialsEqual returns true for same polynomial' has no expectations.
[ERROR - 2017-02-18T02:37:45.364Z] Session [3a548f80-f583-11e6-962d-1fe5d8fb4324] - page.onError - stack:
  specDone (http://localhost:56031/webjars/jasmine/jasmine-html.js:106)
[INFO  - 2017-02-18T02:37:45.594Z] ShutdownReqHand - _handle - About to shutdown
[INFO  - 2017-02-18T02:38:22.818Z] GhostDriver - Main - running on port 30298
[INFO  - 2017-02-18T02:38:23.352Z] Session [51368ff0-f583-11e6-b60e-cbc1b01c6851] - page.settings - {"XSSAuditingEnabled":false,"javascriptCanCloseWindows":true,"javascriptCanOpenWindows":true,"javascriptEnabled":true,"loadImages":true,"localToRemoteUrlAccessEnabled":false,"userAgent":"Mozilla/5.0 (Windows NT 6.2; WOW64) AppleWebKit/538.1 (KHTML, like Gecko) PhantomJS/2.0.0 Safari/538.1","webSecurityEnabled":true}
[INFO  - 2017-02-18T02:38:23.352Z] Session [51368ff0-f583-11e6-b60e-cbc1b01c6851] - page.customHeaders:  - {}
[INFO  - 2017-02-18T02:38:23.352Z] Session [51368ff0-f583-11e6-b60e-cbc1b01c6851] - Session.negotiatedCapabilities - {"browserName":"phantomjs","version":"2.0.0","driverName":"ghostdriver","driverVersion":"1.2.0","platform":"windows-8-32bit","javascriptEnabled":true,"takesScreenshot":true,"handlesAlerts":false,"databaseEnabled":false,"locationContextEnabled":false,"applicationCacheEnabled":false,"browserConnectionEnabled":false,"cssSelectorsEnabled":true,"webStorageEnabled":false,"rotatable":false,"acceptSslCerts":false,"nativeEvents":true,"proxy":{"proxyType":"direct"}}
[INFO  - 2017-02-18T02:38:23.352Z] SessionManagerReqHand - _postNewSessionCommand - New Session Created: 51368ff0-f583-11e6-b60e-cbc1b01c6851
[ERROR - 2017-02-18T02:38:23.753Z] Session [51368ff0-f583-11e6-b60e-cbc1b01c6851] - page.onError - msg: Spec 'arePolynomialsEqual returns true for same polynomial' has no expectations.
[ERROR - 2017-02-18T02:38:23.753Z] Session [51368ff0-f583-11e6-b60e-cbc1b01c6851] - page.onError - stack:
  specDone (http://localhost:56048/webjars/jasmine/jasmine-html.js:106)
[ERROR - 2017-02-18T02:38:23.754Z] Session [51368ff0-f583-11e6-b60e-cbc1b01c6851] - page.onError - msg: Spec 'arePolynomialsEqual returns false for different polynomial' has no expectations.
[ERROR - 2017-02-18T02:38:23.754Z] Session [51368ff0-f583-11e6-b60e-cbc1b01c6851] - page.onError - stack:
  specDone (http://localhost:56048/webjars/jasmine/jasmine-html.js:106)
[INFO  - 2017-02-18T02:38:24.005Z] ShutdownReqHand - _handle - About to shutdown
[INFO  - 2017-02-18T02:39:09.253Z] GhostDriver - Main - running on port 5078
[INFO  - 2017-02-18T02:39:09.726Z] Session [6cdaac50-f583-11e6-ba91-f339fce02f17] - page.settings - {"XSSAuditingEnabled":false,"javascriptCanCloseWindows":true,"javascriptCanOpenWindows":true,"javascriptEnabled":true,"loadImages":true,"localToRemoteUrlAccessEnabled":false,"userAgent":"Mozilla/5.0 (Windows NT 6.2; WOW64) AppleWebKit/538.1 (KHTML, like Gecko) PhantomJS/2.0.0 Safari/538.1","webSecurityEnabled":true}
[INFO  - 2017-02-18T02:39:09.726Z] Session [6cdaac50-f583-11e6-ba91-f339fce02f17] - page.customHeaders:  - {}
[INFO  - 2017-02-18T02:39:09.726Z] Session [6cdaac50-f583-11e6-ba91-f339fce02f17] - Session.negotiatedCapabilities - {"browserName":"phantomjs","version":"2.0.0","driverName":"ghostdriver","driverVersion":"1.2.0","platform":"windows-8-32bit","javascriptEnabled":true,"takesScreenshot":true,"handlesAlerts":false,"databaseEnabled":false,"locationContextEnabled":false,"applicationCacheEnabled":false,"browserConnectionEnabled":false,"cssSelectorsEnabled":true,"webStorageEnabled":false,"rotatable":false,"acceptSslCerts":false,"nativeEvents":true,"proxy":{"proxyType":"direct"}}
[INFO  - 2017-02-18T02:39:09.726Z] SessionManagerReqHand - _postNewSessionCommand - New Session Created: 6cdaac50-f583-11e6-ba91-f339fce02f17
[ERROR - 2017-02-18T02:39:10.036Z] Session [6cdaac50-f583-11e6-ba91-f339fce02f17] - page.onError - msg: Spec 'arePolynomialsEqual returns true for same polynomial' has no expectations.
[ERROR - 2017-02-18T02:39:10.036Z] Session [6cdaac50-f583-11e6-ba91-f339fce02f17] - page.onError - stack:
  specDone (http://localhost:56065/webjars/jasmine/jasmine-html.js:106)
[ERROR - 2017-02-18T02:39:10.037Z] Session [6cdaac50-f583-11e6-ba91-f339fce02f17] - page.onError - msg: Spec 'arePolynomialsEqual returns false for different polynomial' has no expectations.
[ERROR - 2017-02-18T02:39:10.037Z] Session [6cdaac50-f583-11e6-ba91-f339fce02f17] - page.onError - stack:
  specDone (http://localhost:56065/webjars/jasmine/jasmine-html.js:106)
[ERROR - 2017-02-18T02:39:10.038Z] Session [6cdaac50-f583-11e6-ba91-f339fce02f17] - page.onError - msg: Spec 'arePolynomialsEqual returns false for polynomials with different number of terms' has no expectations.
[ERROR - 2017-02-18T02:39:10.038Z] Session [6cdaac50-f583-11e6-ba91-f339fce02f17] - page.onError - stack:
  specDone (http://localhost:56065/webjars/jasmine/jasmine-html.js:106)
[INFO  - 2017-02-18T02:39:10.207Z] ShutdownReqHand - _handle - About to shutdown
[INFO  - 2017-02-18T02:40:26.368Z] GhostDriver - Main - running on port 6580
[INFO  - 2017-02-18T02:40:26.858Z] Session [9ad4b150-f583-11e6-8d3f-b3eac3e66cbc] - page.settings - {"XSSAuditingEnabled":false,"javascriptCanCloseWindows":true,"javascriptCanOpenWindows":true,"javascriptEnabled":true,"loadImages":true,"localToRemoteUrlAccessEnabled":false,"userAgent":"Mozilla/5.0 (Windows NT 6.2; WOW64) AppleWebKit/538.1 (KHTML, like Gecko) PhantomJS/2.0.0 Safari/538.1","webSecurityEnabled":true}
[INFO  - 2017-02-18T02:40:26.859Z] Session [9ad4b150-f583-11e6-8d3f-b3eac3e66cbc] - page.customHeaders:  - {}
[INFO  - 2017-02-18T02:40:26.859Z] Session [9ad4b150-f583-11e6-8d3f-b3eac3e66cbc] - Session.negotiatedCapabilities - {"browserName":"phantomjs","version":"2.0.0","driverName":"ghostdriver","driverVersion":"1.2.0","platform":"windows-8-32bit","javascriptEnabled":true,"takesScreenshot":true,"handlesAlerts":false,"databaseEnabled":false,"locationContextEnabled":false,"applicationCacheEnabled":false,"browserConnectionEnabled":false,"cssSelectorsEnabled":true,"webStorageEnabled":false,"rotatable":false,"acceptSslCerts":false,"nativeEvents":true,"proxy":{"proxyType":"direct"}}
[INFO  - 2017-02-18T02:40:26.859Z] SessionManagerReqHand - _postNewSessionCommand - New Session Created: 9ad4b150-f583-11e6-8d3f-b3eac3e66cbc
[ERROR - 2017-02-18T02:40:27.307Z] Session [9ad4b150-f583-11e6-8d3f-b3eac3e66cbc] - page.onError - msg: Spec 'arePolynomialsEqual returns true for same polynomial' has no expectations.
[ERROR - 2017-02-18T02:40:27.307Z] Session [9ad4b150-f583-11e6-8d3f-b3eac3e66cbc] - page.onError - stack:
  specDone (http://localhost:56082/webjars/jasmine/jasmine-html.js:106)
[ERROR - 2017-02-18T02:40:27.308Z] Session [9ad4b150-f583-11e6-8d3f-b3eac3e66cbc] - page.onError - msg: Spec 'arePolynomialsEqual returns false for different polynomial' has no expectations.
[ERROR - 2017-02-18T02:40:27.308Z] Session [9ad4b150-f583-11e6-8d3f-b3eac3e66cbc] - page.onError - stack:
  specDone (http://localhost:56082/webjars/jasmine/jasmine-html.js:106)
[ERROR - 2017-02-18T02:40:27.309Z] Session [9ad4b150-f583-11e6-8d3f-b3eac3e66cbc] - page.onError - msg: Spec 'arePolynomialsEqual returns false for polynomials with different number of terms' has no expectations.
[ERROR - 2017-02-18T02:40:27.309Z] Session [9ad4b150-f583-11e6-8d3f-b3eac3e66cbc] - page.onError - stack:
  specDone (http://localhost:56082/webjars/jasmine/jasmine-html.js:106)
[ERROR - 2017-02-18T02:40:27.309Z] Session [9ad4b150-f583-11e6-8d3f-b3eac3e66cbc] - page.onError - msg: Spec 'arePolynomialsEqual returns true for same polynomials with terms in different order' has no expectations.
[ERROR - 2017-02-18T02:40:27.310Z] Session [9ad4b150-f583-11e6-8d3f-b3eac3e66cbc] - page.onError - stack:
  specDone (http://localhost:56082/webjars/jasmine/jasmine-html.js:106)
[INFO  - 2017-02-18T02:40:27.473Z] ShutdownReqHand - _handle - About to shutdown
[INFO  - 2017-02-18T02:41:07.526Z] GhostDriver - Main - running on port 3935
[INFO  - 2017-02-18T02:41:08.030Z] Session [b35e9560-f583-11e6-ac9c-91aa13b2ca6d] - page.settings - {"XSSAuditingEnabled":false,"javascriptCanCloseWindows":true,"javascriptCanOpenWindows":true,"javascriptEnabled":true,"loadImages":true,"localToRemoteUrlAccessEnabled":false,"userAgent":"Mozilla/5.0 (Windows NT 6.2; WOW64) AppleWebKit/538.1 (KHTML, like Gecko) PhantomJS/2.0.0 Safari/538.1","webSecurityEnabled":true}
[INFO  - 2017-02-18T02:41:08.031Z] Session [b35e9560-f583-11e6-ac9c-91aa13b2ca6d] - page.customHeaders:  - {}
[INFO  - 2017-02-18T02:41:08.031Z] Session [b35e9560-f583-11e6-ac9c-91aa13b2ca6d] - Session.negotiatedCapabilities - {"browserName":"phantomjs","version":"2.0.0","driverName":"ghostdriver","driverVersion":"1.2.0","platform":"windows-8-32bit","javascriptEnabled":true,"takesScreenshot":true,"handlesAlerts":false,"databaseEnabled":false,"locationContextEnabled":false,"applicationCacheEnabled":false,"browserConnectionEnabled":false,"cssSelectorsEnabled":true,"webStorageEnabled":false,"rotatable":false,"acceptSslCerts":false,"nativeEvents":true,"proxy":{"proxyType":"direct"}}
[INFO  - 2017-02-18T02:41:08.031Z] SessionManagerReqHand - _postNewSessionCommand - New Session Created: b35e9560-f583-11e6-ac9c-91aa13b2ca6d
[INFO  - 2017-02-18T02:41:08.733Z] ShutdownReqHand - _handle - About to shutdown
[INFO  - 2017-02-18T02:43:13.215Z] GhostDriver - Main - running on port 34852
[INFO  - 2017-02-18T02:43:13.669Z] Session [fe4192d0-f583-11e6-aec4-758e083b920a] - page.settings - {"XSSAuditingEnabled":false,"javascriptCanCloseWindows":true,"javascriptCanOpenWindows":true,"javascriptEnabled":true,"loadImages":true,"localToRemoteUrlAccessEnabled":false,"userAgent":"Mozilla/5.0 (Windows NT 6.2; WOW64) AppleWebKit/538.1 (KHTML, like Gecko) PhantomJS/2.0.0 Safari/538.1","webSecurityEnabled":true}
[INFO  - 2017-02-18T02:43:13.669Z] Session [fe4192d0-f583-11e6-aec4-758e083b920a] - page.customHeaders:  - {}
[INFO  - 2017-02-18T02:43:13.669Z] Session [fe4192d0-f583-11e6-aec4-758e083b920a] - Session.negotiatedCapabilities - {"browserName":"phantomjs","version":"2.0.0","driverName":"ghostdriver","driverVersion":"1.2.0","platform":"windows-8-32bit","javascriptEnabled":true,"takesScreenshot":true,"handlesAlerts":false,"databaseEnabled":false,"locationContextEnabled":false,"applicationCacheEnabled":false,"browserConnectionEnabled":false,"cssSelectorsEnabled":true,"webStorageEnabled":false,"rotatable":false,"acceptSslCerts":false,"nativeEvents":true,"proxy":{"proxyType":"direct"}}
[INFO  - 2017-02-18T02:43:13.670Z] SessionManagerReqHand - _postNewSessionCommand - New Session Created: fe4192d0-f583-11e6-aec4-758e083b920a
[INFO  - 2017-02-18T02:43:14.366Z] ShutdownReqHand - _handle - About to shutdown
[INFO  - 2017-02-18T02:45:31.331Z] GhostDriver - Main - running on port 24614
[INFO  - 2017-02-18T02:45:31.885Z] Session [50a38240-f584-11e6-bd2b-d93492f9a394] - page.settings - {"XSSAuditingEnabled":false,"javascriptCanCloseWindows":true,"javascriptCanOpenWindows":true,"javascriptEnabled":true,"loadImages":true,"localToRemoteUrlAccessEnabled":false,"userAgent":"Mozilla/5.0 (Windows NT 6.2; WOW64) AppleWebKit/538.1 (KHTML, like Gecko) PhantomJS/2.0.0 Safari/538.1","webSecurityEnabled":true}
[INFO  - 2017-02-18T02:45:31.885Z] Session [50a38240-f584-11e6-bd2b-d93492f9a394] - page.customHeaders:  - {}
[INFO  - 2017-02-18T02:45:31.885Z] Session [50a38240-f584-11e6-bd2b-d93492f9a394] - Session.negotiatedCapabilities - {"browserName":"phantomjs","version":"2.0.0","driverName":"ghostdriver","driverVersion":"1.2.0","platform":"windows-8-32bit","javascriptEnabled":true,"takesScreenshot":true,"handlesAlerts":false,"databaseEnabled":false,"locationContextEnabled":false,"applicationCacheEnabled":false,"browserConnectionEnabled":false,"cssSelectorsEnabled":true,"webStorageEnabled":false,"rotatable":false,"acceptSslCerts":false,"nativeEvents":true,"proxy":{"proxyType":"direct"}}
[INFO  - 2017-02-18T02:45:31.886Z] SessionManagerReqHand - _postNewSessionCommand - New Session Created: 50a38240-f584-11e6-bd2b-d93492f9a394
[INFO  - 2017-02-18T02:45:32.529Z] ShutdownReqHand - _handle - About to shutdown
[INFO  - 2017-02-18T04:36:15.075Z] GhostDriver - Main - running on port 5434
[INFO  - 2017-02-18T04:36:15.998Z] Session [c8d68b40-f593-11e6-a36a-775cbc032199] - page.settings - {"XSSAuditingEnabled":false,"javascriptCanCloseWindows":true,"javascriptCanOpenWindows":true,"javascriptEnabled":true,"loadImages":true,"localToRemoteUrlAccessEnabled":false,"userAgent":"Mozilla/5.0 (Windows NT 6.2; WOW64) AppleWebKit/538.1 (KHTML, like Gecko) PhantomJS/2.0.0 Safari/538.1","webSecurityEnabled":true}
[INFO  - 2017-02-18T04:36:15.998Z] Session [c8d68b40-f593-11e6-a36a-775cbc032199] - page.customHeaders:  - {}
[INFO  - 2017-02-18T04:36:15.998Z] Session [c8d68b40-f593-11e6-a36a-775cbc032199] - Session.negotiatedCapabilities - {"browserName":"phantomjs","version":"2.0.0","driverName":"ghostdriver","driverVersion":"1.2.0","platform":"windows-8-32bit","javascriptEnabled":true,"takesScreenshot":true,"handlesAlerts":false,"databaseEnabled":false,"locationContextEnabled":false,"applicationCacheEnabled":false,"browserConnectionEnabled":false,"cssSelectorsEnabled":true,"webStorageEnabled":false,"rotatable":false,"acceptSslCerts":false,"nativeEvents":true,"proxy":{"proxyType":"direct"}}
[INFO  - 2017-02-18T04:36:15.999Z] SessionManagerReqHand - _postNewSessionCommand - New Session Created: c8d68b40-f593-11e6-a36a-775cbc032199
[INFO  - 2017-02-18T04:36:16.610Z] ShutdownReqHand - _handle - About to shutdown
[INFO  - 2017-02-18T04:43:39.782Z] GhostDriver - Main - running on port 38741
[INFO  - 2017-02-18T04:43:40.313Z] Session [d1ac6540-f594-11e6-a75e-dbc896c574d1] - page.settings - {"XSSAuditingEnabled":false,"javascriptCanCloseWindows":true,"javascriptCanOpenWindows":true,"javascriptEnabled":true,"loadImages":true,"localToRemoteUrlAccessEnabled":false,"userAgent":"Mozilla/5.0 (Windows NT 6.2; WOW64) AppleWebKit/538.1 (KHTML, like Gecko) PhantomJS/2.0.0 Safari/538.1","webSecurityEnabled":true}
[INFO  - 2017-02-18T04:43:40.314Z] Session [d1ac6540-f594-11e6-a75e-dbc896c574d1] - page.customHeaders:  - {}
[INFO  - 2017-02-18T04:43:40.314Z] Session [d1ac6540-f594-11e6-a75e-dbc896c574d1] - Session.negotiatedCapabilities - {"browserName":"phantomjs","version":"2.0.0","driverName":"ghostdriver","driverVersion":"1.2.0","platform":"windows-8-32bit","javascriptEnabled":true,"takesScreenshot":true,"handlesAlerts":false,"databaseEnabled":false,"locationContextEnabled":false,"applicationCacheEnabled":false,"browserConnectionEnabled":false,"cssSelectorsEnabled":true,"webStorageEnabled":false,"rotatable":false,"acceptSslCerts":false,"nativeEvents":true,"proxy":{"proxyType":"direct"}}
[INFO  - 2017-02-18T04:43:40.314Z] SessionManagerReqHand - _postNewSessionCommand - New Session Created: d1ac6540-f594-11e6-a75e-dbc896c574d1
[INFO  - 2017-02-18T04:43:40.859Z] ShutdownReqHand - _handle - About to shutdown
[INFO  - 2017-02-18T15:57:24.304Z] GhostDriver - Main - running on port 19739
[INFO  - 2017-02-18T15:57:24.882Z] Session [f0975880-f5f2-11e6-9af4-c59a4c54e610] - page.settings - {"XSSAuditingEnabled":false,"javascriptCanCloseWindows":true,"javascriptCanOpenWindows":true,"javascriptEnabled":true,"loadImages":true,"localToRemoteUrlAccessEnabled":false,"userAgent":"Mozilla/5.0 (Windows NT 6.2; WOW64) AppleWebKit/538.1 (KHTML, like Gecko) PhantomJS/2.0.0 Safari/538.1","webSecurityEnabled":true}
[INFO  - 2017-02-18T15:57:24.882Z] Session [f0975880-f5f2-11e6-9af4-c59a4c54e610] - page.customHeaders:  - {}
[INFO  - 2017-02-18T15:57:24.882Z] Session [f0975880-f5f2-11e6-9af4-c59a4c54e610] - Session.negotiatedCapabilities - {"browserName":"phantomjs","version":"2.0.0","driverName":"ghostdriver","driverVersion":"1.2.0","platform":"windows-8-32bit","javascriptEnabled":true,"takesScreenshot":true,"handlesAlerts":false,"databaseEnabled":false,"locationContextEnabled":false,"applicationCacheEnabled":false,"browserConnectionEnabled":false,"cssSelectorsEnabled":true,"webStorageEnabled":false,"rotatable":false,"acceptSslCerts":false,"nativeEvents":true,"proxy":{"proxyType":"direct"}}
[INFO  - 2017-02-18T15:57:24.883Z] SessionManagerReqHand - _postNewSessionCommand - New Session Created: f0975880-f5f2-11e6-9af4-c59a4c54e610
[INFO  - 2017-02-18T15:57:25.473Z] ShutdownReqHand - _handle - About to shutdown
[INFO  - 2017-02-18T15:57:53.812Z] GhostDriver - Main - running on port 19604
[INFO  - 2017-02-18T15:57:54.394Z] Session [022eac10-f5f3-11e6-90d7-634d3268841e] - page.settings - {"XSSAuditingEnabled":false,"javascriptCanCloseWindows":true,"javascriptCanOpenWindows":true,"javascriptEnabled":true,"loadImages":true,"localToRemoteUrlAccessEnabled":false,"userAgent":"Mozilla/5.0 (Windows NT 6.2; WOW64) AppleWebKit/538.1 (KHTML, like Gecko) PhantomJS/2.0.0 Safari/538.1","webSecurityEnabled":true}
[INFO  - 2017-02-18T15:57:54.394Z] Session [022eac10-f5f3-11e6-90d7-634d3268841e] - page.customHeaders:  - {}
[INFO  - 2017-02-18T15:57:54.394Z] Session [022eac10-f5f3-11e6-90d7-634d3268841e] - Session.negotiatedCapabilities - {"browserName":"phantomjs","version":"2.0.0","driverName":"ghostdriver","driverVersion":"1.2.0","platform":"windows-8-32bit","javascriptEnabled":true,"takesScreenshot":true,"handlesAlerts":false,"databaseEnabled":false,"locationContextEnabled":false,"applicationCacheEnabled":false,"browserConnectionEnabled":false,"cssSelectorsEnabled":true,"webStorageEnabled":false,"rotatable":false,"acceptSslCerts":false,"nativeEvents":true,"proxy":{"proxyType":"direct"}}
[INFO  - 2017-02-18T15:57:54.394Z] SessionManagerReqHand - _postNewSessionCommand - New Session Created: 022eac10-f5f3-11e6-90d7-634d3268841e
[INFO  - 2017-02-18T15:57:55.005Z] ShutdownReqHand - _handle - About to shutdown
[INFO  - 2017-02-18T15:59:45.888Z] GhostDriver - Main - running on port 19583
[INFO  - 2017-02-18T15:59:46.493Z] Session [45001470-f5f3-11e6-80a9-75035e69ff01] - page.settings - {"XSSAuditingEnabled":false,"javascriptCanCloseWindows":true,"javascriptCanOpenWindows":true,"javascriptEnabled":true,"loadImages":true,"localToRemoteUrlAccessEnabled":false,"userAgent":"Mozilla/5.0 (Windows NT 6.2; WOW64) AppleWebKit/538.1 (KHTML, like Gecko) PhantomJS/2.0.0 Safari/538.1","webSecurityEnabled":true}
[INFO  - 2017-02-18T15:59:46.494Z] Session [45001470-f5f3-11e6-80a9-75035e69ff01] - page.customHeaders:  - {}
[INFO  - 2017-02-18T15:59:46.494Z] Session [45001470-f5f3-11e6-80a9-75035e69ff01] - Session.negotiatedCapabilities - {"browserName":"phantomjs","version":"2.0.0","driverName":"ghostdriver","driverVersion":"1.2.0","platform":"windows-8-32bit","javascriptEnabled":true,"takesScreenshot":true,"handlesAlerts":false,"databaseEnabled":false,"locationContextEnabled":false,"applicationCacheEnabled":false,"browserConnectionEnabled":false,"cssSelectorsEnabled":true,"webStorageEnabled":false,"rotatable":false,"acceptSslCerts":false,"nativeEvents":true,"proxy":{"proxyType":"direct"}}
[INFO  - 2017-02-18T15:59:46.494Z] SessionManagerReqHand - _postNewSessionCommand - New Session Created: 45001470-f5f3-11e6-80a9-75035e69ff01
[INFO  - 2017-02-18T15:59:47.116Z] ShutdownReqHand - _handle - About to shutdown
[INFO  - 2017-02-18T16:01:31.894Z] GhostDriver - Main - running on port 1825
[INFO  - 2017-02-18T16:01:32.509Z] Session [84306140-f5f3-11e6-b977-85f4e96d5d02] - page.settings - {"XSSAuditingEnabled":false,"javascriptCanCloseWindows":true,"javascriptCanOpenWindows":true,"javascriptEnabled":true,"loadImages":true,"localToRemoteUrlAccessEnabled":false,"userAgent":"Mozilla/5.0 (Windows NT 6.2; WOW64) AppleWebKit/538.1 (KHTML, like Gecko) PhantomJS/2.0.0 Safari/538.1","webSecurityEnabled":true}
[INFO  - 2017-02-18T16:01:32.509Z] Session [84306140-f5f3-11e6-b977-85f4e96d5d02] - page.customHeaders:  - {}
[INFO  - 2017-02-18T16:01:32.509Z] Session [84306140-f5f3-11e6-b977-85f4e96d5d02] - Session.negotiatedCapabilities - {"browserName":"phantomjs","version":"2.0.0","driverName":"ghostdriver","driverVersion":"1.2.0","platform":"windows-8-32bit","javascriptEnabled":true,"takesScreenshot":true,"handlesAlerts":false,"databaseEnabled":false,"locationContextEnabled":false,"applicationCacheEnabled":false,"browserConnectionEnabled":false,"cssSelectorsEnabled":true,"webStorageEnabled":false,"rotatable":false,"acceptSslCerts":false,"nativeEvents":true,"proxy":{"proxyType":"direct"}}
[INFO  - 2017-02-18T16:01:32.510Z] SessionManagerReqHand - _postNewSessionCommand - New Session Created: 84306140-f5f3-11e6-b977-85f4e96d5d02
[INFO  - 2017-02-18T16:01:33.071Z] ShutdownReqHand - _handle - About to shutdown
[INFO  - 2017-02-18T16:03:48.353Z] GhostDriver - Main - running on port 23155
[INFO  - 2017-02-18T16:03:48.948Z] Session [d5839fd0-f5f3-11e6-9496-972fb433ddce] - page.settings - {"XSSAuditingEnabled":false,"javascriptCanCloseWindows":true,"javascriptCanOpenWindows":true,"javascriptEnabled":true,"loadImages":true,"localToRemoteUrlAccessEnabled":false,"userAgent":"Mozilla/5.0 (Windows NT 6.2; WOW64) AppleWebKit/538.1 (KHTML, like Gecko) PhantomJS/2.0.0 Safari/538.1","webSecurityEnabled":true}
[INFO  - 2017-02-18T16:03:48.948Z] Session [d5839fd0-f5f3-11e6-9496-972fb433ddce] - page.customHeaders:  - {}
[INFO  - 2017-02-18T16:03:48.948Z] Session [d5839fd0-f5f3-11e6-9496-972fb433ddce] - Session.negotiatedCapabilities - {"browserName":"phantomjs","version":"2.0.0","driverName":"ghostdriver","driverVersion":"1.2.0","platform":"windows-8-32bit","javascriptEnabled":true,"takesScreenshot":true,"handlesAlerts":false,"databaseEnabled":false,"locationContextEnabled":false,"applicationCacheEnabled":false,"browserConnectionEnabled":false,"cssSelectorsEnabled":true,"webStorageEnabled":false,"rotatable":false,"acceptSslCerts":false,"nativeEvents":true,"proxy":{"proxyType":"direct"}}
[INFO  - 2017-02-18T16:03:48.949Z] SessionManagerReqHand - _postNewSessionCommand - New Session Created: d5839fd0-f5f3-11e6-9496-972fb433ddce
[INFO  - 2017-02-18T16:03:49.549Z] ShutdownReqHand - _handle - About to shutdown
[INFO  - 2017-02-18T16:10:34.021Z] GhostDriver - Main - running on port 30418
[INFO  - 2017-02-18T16:10:34.563Z] Session [c747b6d0-f5f4-11e6-8bea-b163487874ca] - page.settings - {"XSSAuditingEnabled":false,"javascriptCanCloseWindows":true,"javascriptCanOpenWindows":true,"javascriptEnabled":true,"loadImages":true,"localToRemoteUrlAccessEnabled":false,"userAgent":"Mozilla/5.0 (Windows NT 6.2; WOW64) AppleWebKit/538.1 (KHTML, like Gecko) PhantomJS/2.0.0 Safari/538.1","webSecurityEnabled":true}
[INFO  - 2017-02-18T16:10:34.563Z] Session [c747b6d0-f5f4-11e6-8bea-b163487874ca] - page.customHeaders:  - {}
[INFO  - 2017-02-18T16:10:34.563Z] Session [c747b6d0-f5f4-11e6-8bea-b163487874ca] - Session.negotiatedCapabilities - {"browserName":"phantomjs","version":"2.0.0","driverName":"ghostdriver","driverVersion":"1.2.0","platform":"windows-8-32bit","javascriptEnabled":true,"takesScreenshot":true,"handlesAlerts":false,"databaseEnabled":false,"locationContextEnabled":false,"applicationCacheEnabled":false,"browserConnectionEnabled":false,"cssSelectorsEnabled":true,"webStorageEnabled":false,"rotatable":false,"acceptSslCerts":false,"nativeEvents":true,"proxy":{"proxyType":"direct"}}
[INFO  - 2017-02-18T16:10:34.563Z] SessionManagerReqHand - _postNewSessionCommand - New Session Created: c747b6d0-f5f4-11e6-8bea-b163487874ca
[INFO  - 2017-02-18T16:10:35.163Z] ShutdownReqHand - _handle - About to shutdown
[INFO  - 2017-02-18T16:13:15.570Z] GhostDriver - Main - running on port 33019
[INFO  - 2017-02-18T16:13:16.146Z] Session [27972bb0-f5f5-11e6-baba-cfda876e2dc5] - page.settings - {"XSSAuditingEnabled":false,"javascriptCanCloseWindows":true,"javascriptCanOpenWindows":true,"javascriptEnabled":true,"loadImages":true,"localToRemoteUrlAccessEnabled":false,"userAgent":"Mozilla/5.0 (Windows NT 6.2; WOW64) AppleWebKit/538.1 (KHTML, like Gecko) PhantomJS/2.0.0 Safari/538.1","webSecurityEnabled":true}
[INFO  - 2017-02-18T16:13:16.146Z] Session [27972bb0-f5f5-11e6-baba-cfda876e2dc5] - page.customHeaders:  - {}
[INFO  - 2017-02-18T16:13:16.146Z] Session [27972bb0-f5f5-11e6-baba-cfda876e2dc5] - Session.negotiatedCapabilities - {"browserName":"phantomjs","version":"2.0.0","driverName":"ghostdriver","driverVersion":"1.2.0","platform":"windows-8-32bit","javascriptEnabled":true,"takesScreenshot":true,"handlesAlerts":false,"databaseEnabled":false,"locationContextEnabled":false,"applicationCacheEnabled":false,"browserConnectionEnabled":false,"cssSelectorsEnabled":true,"webStorageEnabled":false,"rotatable":false,"acceptSslCerts":false,"nativeEvents":true,"proxy":{"proxyType":"direct"}}
[INFO  - 2017-02-18T16:13:16.147Z] SessionManagerReqHand - _postNewSessionCommand - New Session Created: 27972bb0-f5f5-11e6-baba-cfda876e2dc5
[INFO  - 2017-02-18T16:13:16.803Z] ShutdownReqHand - _handle - About to shutdown
[INFO  - 2017-02-18T16:16:45.973Z] GhostDriver - Main - running on port 47211
[INFO  - 2017-02-18T16:16:46.493Z] Session [a4f7ba70-f5f5-11e6-87dc-299bbcc303e8] - page.settings - {"XSSAuditingEnabled":false,"javascriptCanCloseWindows":true,"javascriptCanOpenWindows":true,"javascriptEnabled":true,"loadImages":true,"localToRemoteUrlAccessEnabled":false,"userAgent":"Mozilla/5.0 (Windows NT 6.2; WOW64) AppleWebKit/538.1 (KHTML, like Gecko) PhantomJS/2.0.0 Safari/538.1","webSecurityEnabled":true}
[INFO  - 2017-02-18T16:16:46.494Z] Session [a4f7ba70-f5f5-11e6-87dc-299bbcc303e8] - page.customHeaders:  - {}
[INFO  - 2017-02-18T16:16:46.494Z] Session [a4f7ba70-f5f5-11e6-87dc-299bbcc303e8] - Session.negotiatedCapabilities - {"browserName":"phantomjs","version":"2.0.0","driverName":"ghostdriver","driverVersion":"1.2.0","platform":"windows-8-32bit","javascriptEnabled":true,"takesScreenshot":true,"handlesAlerts":false,"databaseEnabled":false,"locationContextEnabled":false,"applicationCacheEnabled":false,"browserConnectionEnabled":false,"cssSelectorsEnabled":true,"webStorageEnabled":false,"rotatable":false,"acceptSslCerts":false,"nativeEvents":true,"proxy":{"proxyType":"direct"}}
[INFO  - 2017-02-18T16:16:46.494Z] SessionManagerReqHand - _postNewSessionCommand - New Session Created: a4f7ba70-f5f5-11e6-87dc-299bbcc303e8
[INFO  - 2017-02-18T16:16:46.921Z] ShutdownReqHand - _handle - About to shutdown
[INFO  - 2017-02-18T16:22:51.814Z] GhostDriver - Main - running on port 2683
[INFO  - 2017-02-18T16:22:52.376Z] Session [7f0d3230-f5f6-11e6-b0c7-13a380a8773b] - page.settings - {"XSSAuditingEnabled":false,"javascriptCanCloseWindows":true,"javascriptCanOpenWindows":true,"javascriptEnabled":true,"loadImages":true,"localToRemoteUrlAccessEnabled":false,"userAgent":"Mozilla/5.0 (Windows NT 6.2; WOW64) AppleWebKit/538.1 (KHTML, like Gecko) PhantomJS/2.0.0 Safari/538.1","webSecurityEnabled":true}
[INFO  - 2017-02-18T16:22:52.376Z] Session [7f0d3230-f5f6-11e6-b0c7-13a380a8773b] - page.customHeaders:  - {}
[INFO  - 2017-02-18T16:22:52.376Z] Session [7f0d3230-f5f6-11e6-b0c7-13a380a8773b] - Session.negotiatedCapabilities - {"browserName":"phantomjs","version":"2.0.0","driverName":"ghostdriver","driverVersion":"1.2.0","platform":"windows-8-32bit","javascriptEnabled":true,"takesScreenshot":true,"handlesAlerts":false,"databaseEnabled":false,"locationContextEnabled":false,"applicationCacheEnabled":false,"browserConnectionEnabled":false,"cssSelectorsEnabled":true,"webStorageEnabled":false,"rotatable":false,"acceptSslCerts":false,"nativeEvents":true,"proxy":{"proxyType":"direct"}}
[INFO  - 2017-02-18T16:22:52.377Z] SessionManagerReqHand - _postNewSessionCommand - New Session Created: 7f0d3230-f5f6-11e6-b0c7-13a380a8773b
[INFO  - 2017-02-18T16:22:52.927Z] ShutdownReqHand - _handle - About to shutdown
[INFO  - 2017-02-18T16:23:45.446Z] GhostDriver - Main - running on port 7880
[INFO  - 2017-02-18T16:23:46.035Z] Session [9f0873b0-f5f6-11e6-9ec3-6536b9066508] - page.settings - {"XSSAuditingEnabled":false,"javascriptCanCloseWindows":true,"javascriptCanOpenWindows":true,"javascriptEnabled":true,"loadImages":true,"localToRemoteUrlAccessEnabled":false,"userAgent":"Mozilla/5.0 (Windows NT 6.2; WOW64) AppleWebKit/538.1 (KHTML, like Gecko) PhantomJS/2.0.0 Safari/538.1","webSecurityEnabled":true}
[INFO  - 2017-02-18T16:23:46.035Z] Session [9f0873b0-f5f6-11e6-9ec3-6536b9066508] - page.customHeaders:  - {}
[INFO  - 2017-02-18T16:23:46.035Z] Session [9f0873b0-f5f6-11e6-9ec3-6536b9066508] - Session.negotiatedCapabilities - {"browserName":"phantomjs","version":"2.0.0","driverName":"ghostdriver","driverVersion":"1.2.0","platform":"windows-8-32bit","javascriptEnabled":true,"takesScreenshot":true,"handlesAlerts":false,"databaseEnabled":false,"locationContextEnabled":false,"applicationCacheEnabled":false,"browserConnectionEnabled":false,"cssSelectorsEnabled":true,"webStorageEnabled":false,"rotatable":false,"acceptSslCerts":false,"nativeEvents":true,"proxy":{"proxyType":"direct"}}
[INFO  - 2017-02-18T16:23:46.035Z] SessionManagerReqHand - _postNewSessionCommand - New Session Created: 9f0873b0-f5f6-11e6-9ec3-6536b9066508
[INFO  - 2017-02-18T16:23:46.765Z] ShutdownReqHand - _handle - About to shutdown
[INFO  - 2017-02-18T16:26:49.637Z] GhostDriver - Main - running on port 3840
[INFO  - 2017-02-18T16:26:50.245Z] Session [0cd4f8f0-f5f7-11e6-9277-edaa1efe1516] - page.settings - {"XSSAuditingEnabled":false,"javascriptCanCloseWindows":true,"javascriptCanOpenWindows":true,"javascriptEnabled":true,"loadImages":true,"localToRemoteUrlAccessEnabled":false,"userAgent":"Mozilla/5.0 (Windows NT 6.2; WOW64) AppleWebKit/538.1 (KHTML, like Gecko) PhantomJS/2.0.0 Safari/538.1","webSecurityEnabled":true}
[INFO  - 2017-02-18T16:26:50.245Z] Session [0cd4f8f0-f5f7-11e6-9277-edaa1efe1516] - page.customHeaders:  - {}
[INFO  - 2017-02-18T16:26:50.246Z] Session [0cd4f8f0-f5f7-11e6-9277-edaa1efe1516] - Session.negotiatedCapabilities - {"browserName":"phantomjs","version":"2.0.0","driverName":"ghostdriver","driverVersion":"1.2.0","platform":"windows-8-32bit","javascriptEnabled":true,"takesScreenshot":true,"handlesAlerts":false,"databaseEnabled":false,"locationContextEnabled":false,"applicationCacheEnabled":false,"browserConnectionEnabled":false,"cssSelectorsEnabled":true,"webStorageEnabled":false,"rotatable":false,"acceptSslCerts":false,"nativeEvents":true,"proxy":{"proxyType":"direct"}}
[INFO  - 2017-02-18T16:26:50.246Z] SessionManagerReqHand - _postNewSessionCommand - New Session Created: 0cd4f8f0-f5f7-11e6-9277-edaa1efe1516
[INFO  - 2017-02-18T16:26:50.846Z] ShutdownReqHand - _handle - About to shutdown
